---------------------------------------------------------------
[ 2018-05-14T11:34:00+08:00 ] 127.0.0.1 GET /
[ info ] zhuo.cn/ [运行时间：0.507507s][吞吐率：1.97req/s] [内存消耗：1,454.38kb] [文件加载：51]
[ info ] [ LANG ] F:\phpStudy\WWW\zhuo\thinkphp\lang\zh-cn.php
[ info ] [ ROUTE ] array (
  'type' => 'module',
  'module' => 
  array (
    0 => 'admin',
    1 => 'index',
    2 => 'index',
  ),
  'convert' => false,
)
[ info ] [ HEADER ] array (
  'accept-language' => 'zh-CN,zh;q=0.9',
  'accept-encoding' => 'gzip, deflate',
  'accept' => 'text/html,application/xhtml+xml,application/xml;q=0.9,image/webp,image/apng,*/*;q=0.8',
  'user-agent' => 'Mozilla/5.0 (Windows NT 10.0; WOW64) AppleWebKit/537.36 (KHTML, like Gecko) Chrome/65.0.3325.162 Safari/537.36',
  'upgrade-insecure-requests' => '1',
  'connection' => 'close',
  'host' => 'zhuo.cn',
)
[ info ] [ PARAM ] array (
)
[ info ] [ SESSION ] INIT array (
  'id' => '',
  'var_session_id' => '',
  'prefix' => 'think',
  'type' => '',
  'auto_start' => true,
)
[ info ] [ VIEW ] F:\phpStudy\WWW\zhuo\thinkphp\tpl\dispatch_jump.tpl [ array (
  0 => 'code',
  1 => 'msg',
  2 => 'data',
  3 => 'url',
  4 => 'wait',
) ]
[ info ] [ LOG ] INIT File
---------------------------------------------------------------
[ 2018-05-14T11:34:00+08:00 ] 127.0.0.1 GET /
[ info ] zhuo.cn/ [运行时间：0.026733s][吞吐率：37.41req/s] [内存消耗：1,335.27kb] [文件加载：48]
[ info ] [ LANG ] F:\phpStudy\WWW\zhuo\thinkphp\lang\zh-cn.php
[ info ] [ ROUTE ] array (
  'type' => 'module',
  'module' => 
  array (
    0 => 'admin',
    1 => 'index',
    2 => 'index',
  ),
  'convert' => false,
)
[ info ] [ HEADER ] array (
  'cookie' => 'PHPSESSID=c7hppncg49siu0s3osi6gipdi2',
  'accept-language' => 'zh-CN,zh;q=0.9',
  'accept-encoding' => 'gzip, deflate',
  'accept' => 'text/html,application/xhtml+xml,application/xml;q=0.9,image/webp,image/apng,*/*;q=0.8',
  'user-agent' => 'Mozilla/5.0 (Windows NT 10.0; WOW64) AppleWebKit/537.36 (KHTML, like Gecko) Chrome/65.0.3325.162 Safari/537.36',
  'upgrade-insecure-requests' => '1',
  'connection' => 'close',
  'host' => 'zhuo.cn',
)
[ info ] [ PARAM ] array (
)
[ info ] [ SESSION ] INIT array (
  'id' => '',
  'var_session_id' => '',
  'prefix' => 'think',
  'type' => '',
  'auto_start' => true,
)
[ info ] [ VIEW ] F:\phpStudy\WWW\zhuo\thinkphp\tpl\dispatch_jump.tpl [ array (
  0 => 'code',
  1 => 'msg',
  2 => 'data',
  3 => 'url',
  4 => 'wait',
) ]
[ info ] [ LOG ] INIT File
---------------------------------------------------------------
[ 2018-05-14T11:34:04+08:00 ] 127.0.0.1 GET /login.html
[ info ] zhuo.cn/login.html [运行时间：0.083707s][吞吐率：11.95req/s] [内存消耗：1,457.42kb] [文件加载：49]
[ info ] [ LANG ] F:\phpStudy\WWW\zhuo\thinkphp\lang\zh-cn.php
[ info ] [ ROUTE ] array (
  'type' => 'module',
  'module' => 
  array (
    0 => 'admin',
    1 => 'login',
    2 => 'index',
  ),
  'convert' => false,
)
[ info ] [ HEADER ] array (
  'cookie' => 'PHPSESSID=c7hppncg49siu0s3osi6gipdi2',
  'accept-language' => 'zh-CN,zh;q=0.9',
  'accept-encoding' => 'gzip, deflate',
  'referer' => 'http://zhuo.cn/',
  'accept' => 'text/html,application/xhtml+xml,application/xml;q=0.9,image/webp,image/apng,*/*;q=0.8',
  'user-agent' => 'Mozilla/5.0 (Windows NT 10.0; WOW64) AppleWebKit/537.36 (KHTML, like Gecko) Chrome/65.0.3325.162 Safari/537.36',
  'upgrade-insecure-requests' => '1',
  'connection' => 'close',
  'host' => 'zhuo.cn',
)
[ info ] [ PARAM ] array (
)
[ info ] [ RUN ] app\admin\controller\Login->index[ F:\phpStudy\WWW\zhuo\application\admin\controller\Login.php ]
[ info ] [ SESSION ] INIT array (
  'id' => '',
  'var_session_id' => '',
  'prefix' => 'think',
  'type' => '',
  'auto_start' => true,
)
[ info ] [ VIEW ] F:\phpStudy\WWW\zhuo\public/../application/admin\view\login\index.html [ array (
) ]
[ info ] [ LOG ] INIT File
---------------------------------------------------------------
[ 2018-05-14T11:34:04+08:00 ] 127.0.0.1 GET /admin/login/setcode.html
[ info ] zhuo.cn/admin/login/setcode.html [运行时间：0.044676s][吞吐率：22.38req/s] [内存消耗：1,329.37kb] [文件加载：45]
[ info ] [ LANG ] F:\phpStudy\WWW\zhuo\thinkphp\lang\zh-cn.php
[ info ] [ ROUTE ] array (
  'type' => 'module',
  'module' => 
  array (
    0 => 'admin',
    1 => 'login',
    2 => 'setcode',
  ),
)
[ info ] [ HEADER ] array (
  'cookie' => 'PHPSESSID=c7hppncg49siu0s3osi6gipdi2',
  'accept-language' => 'zh-CN,zh;q=0.9',
  'accept-encoding' => 'gzip, deflate',
  'referer' => 'http://zhuo.cn/login.html',
  'accept' => 'image/webp,image/apng,image/*,*/*;q=0.8',
  'user-agent' => 'Mozilla/5.0 (Windows NT 10.0; WOW64) AppleWebKit/537.36 (KHTML, like Gecko) Chrome/65.0.3325.162 Safari/537.36',
  'connection' => 'close',
  'host' => 'zhuo.cn',
)
[ info ] [ PARAM ] array (
)
[ info ] [ RUN ] app\admin\controller\Login->setCode[ F:\phpStudy\WWW\zhuo\application\admin\controller\Login.php ]
[ info ] [ SESSION ] INIT array (
  'id' => '',
  'var_session_id' => '',
  'prefix' => 'think',
  'type' => '',
  'auto_start' => true,
)
[ info ] [ LOG ] INIT File
---------------------------------------------------------------
[ 2018-05-14T11:34:04+08:00 ] 127.0.0.1 GET /img/favicon.html
[ info ] zhuo.cn/img/favicon.html [运行时间：0.041711s][吞吐率：23.97req/s] [内存消耗：1,108.63kb] [文件加载：38]
[ info ] [ LANG ] F:\phpStudy\WWW\zhuo\thinkphp\lang\zh-cn.php
[ info ] [ ROUTE ] array (
  'type' => 'module',
  'module' => 
  array (
    0 => 'img',
    1 => 'favicon',
    2 => NULL,
  ),
)
[ info ] [ HEADER ] array (
  'cookie' => 'PHPSESSID=c7hppncg49siu0s3osi6gipdi2',
  'accept-language' => 'zh-CN,zh;q=0.9',
  'accept-encoding' => 'gzip, deflate',
  'referer' => 'http://zhuo.cn/login.html',
  'accept' => 'image/webp,image/apng,image/*,*/*;q=0.8',
  'user-agent' => 'Mozilla/5.0 (Windows NT 10.0; WOW64) AppleWebKit/537.36 (KHTML, like Gecko) Chrome/65.0.3325.162 Safari/537.36',
  'connection' => 'close',
  'host' => 'zhuo.cn',
)
[ info ] [ PARAM ] array (
)
[ info ] [ LOG ] INIT File
---------------------------------------------------------------
[ 2018-05-14T11:34:12+08:00 ] 127.0.0.1 POST /admin/login/getlogin.html
[ info ] zhuo.cn/admin/login/getlogin.html [运行时间：0.364850s][吞吐率：2.74req/s] [内存消耗：2,251.33kb] [文件加载：57]
[ info ] [ LANG ] F:\phpStudy\WWW\zhuo\thinkphp\lang\zh-cn.php
[ info ] [ ROUTE ] array (
  'type' => 'module',
  'module' => 
  array (
    0 => 'admin',
    1 => 'login',
    2 => 'getlogin',
  ),
)
[ info ] [ HEADER ] array (
  'cookie' => 'PHPSESSID=c7hppncg49siu0s3osi6gipdi2',
  'accept-language' => 'zh-CN,zh;q=0.9',
  'accept-encoding' => 'gzip, deflate',
  'referer' => 'http://zhuo.cn/login.html',
  'accept' => 'text/html,application/xhtml+xml,application/xml;q=0.9,image/webp,image/apng,*/*;q=0.8',
  'user-agent' => 'Mozilla/5.0 (Windows NT 10.0; WOW64) AppleWebKit/537.36 (KHTML, like Gecko) Chrome/65.0.3325.162 Safari/537.36',
  'content-type' => 'application/x-www-form-urlencoded',
  'upgrade-insecure-requests' => '1',
  'origin' => 'http://zhuo.cn',
  'cache-control' => 'max-age=0',
  'content-length' => '36',
  'connection' => 'close',
  'host' => 'zhuo.cn',
)
[ info ] [ PARAM ] array (
  'name' => 'admin',
  'passwords' => '123456',
  'code' => 'm4j',
)
[ info ] [ RUN ] app\admin\controller\Login->getLogin[ F:\phpStudy\WWW\zhuo\application\admin\controller\Login.php ]
[ info ] [ SESSION ] INIT array (
  'id' => '',
  'var_session_id' => '',
  'prefix' => 'think',
  'type' => '',
  'auto_start' => true,
)
[ info ] [ DB ] INIT mysql
[ info ] [ VIEW ] F:\phpStudy\WWW\zhuo\thinkphp\tpl\dispatch_jump.tpl [ array (
  0 => 'code',
  1 => 'msg',
  2 => 'data',
  3 => 'url',
  4 => 'wait',
) ]
[ info ] [ LOG ] INIT File
[ sql ] [ DB ] CONNECT:[ UseTime:0.128998s ] mysql:host=47.98.218.20;port=3306;dbname=zhuo;charset=utf8
[ sql ] [ SQL ] SHOW COLUMNS FROM `user` [ RunTime:0.067292s ]
[ sql ] [ SQL ] SELECT * FROM `user` WHERE  `name` = 'admin' LIMIT 1 [ RunTime:0.063645s ]
---------------------------------------------------------------
[ 2018-05-14T11:34:15+08:00 ] 127.0.0.1 GET /login.html
[ info ] zhuo.cn/login.html [运行时间：0.039807s][吞吐率：25.12req/s] [内存消耗：1,331.96kb] [文件加载：46]
[ info ] [ LANG ] F:\phpStudy\WWW\zhuo\thinkphp\lang\zh-cn.php
[ info ] [ ROUTE ] array (
  'type' => 'module',
  'module' => 
  array (
    0 => 'admin',
    1 => 'login',
    2 => 'index',
  ),
  'convert' => false,
)
[ info ] [ HEADER ] array (
  'cookie' => 'PHPSESSID=c7hppncg49siu0s3osi6gipdi2',
  'accept-language' => 'zh-CN,zh;q=0.9',
  'accept-encoding' => 'gzip, deflate',
  'referer' => 'http://zhuo.cn/admin/login/getlogin.html',
  'accept' => 'text/html,application/xhtml+xml,application/xml;q=0.9,image/webp,image/apng,*/*;q=0.8',
  'user-agent' => 'Mozilla/5.0 (Windows NT 10.0; WOW64) AppleWebKit/537.36 (KHTML, like Gecko) Chrome/65.0.3325.162 Safari/537.36',
  'upgrade-insecure-requests' => '1',
  'connection' => 'close',
  'host' => 'zhuo.cn',
)
[ info ] [ PARAM ] array (
)
[ info ] [ RUN ] app\admin\controller\Login->index[ F:\phpStudy\WWW\zhuo\application\admin\controller\Login.php ]
[ info ] [ SESSION ] INIT array (
  'id' => '',
  'var_session_id' => '',
  'prefix' => 'think',
  'type' => '',
  'auto_start' => true,
)
[ info ] [ VIEW ] F:\phpStudy\WWW\zhuo\public/../application/admin\view\login\index.html [ array (
) ]
[ info ] [ LOG ] INIT File
---------------------------------------------------------------
[ 2018-05-14T11:34:15+08:00 ] 127.0.0.1 GET /admin/login/setcode.html
[ info ] zhuo.cn/admin/login/setcode.html [运行时间：0.129147s][吞吐率：7.74req/s] [内存消耗：1,329.37kb] [文件加载：45]
[ info ] [ LANG ] F:\phpStudy\WWW\zhuo\thinkphp\lang\zh-cn.php
[ info ] [ ROUTE ] array (
  'type' => 'module',
  'module' => 
  array (
    0 => 'admin',
    1 => 'login',
    2 => 'setcode',
  ),
)
[ info ] [ HEADER ] array (
  'cookie' => 'PHPSESSID=c7hppncg49siu0s3osi6gipdi2',
  'accept-language' => 'zh-CN,zh;q=0.9',
  'accept-encoding' => 'gzip, deflate',
  'referer' => 'http://zhuo.cn/login.html',
  'accept' => 'image/webp,image/apng,image/*,*/*;q=0.8',
  'user-agent' => 'Mozilla/5.0 (Windows NT 10.0; WOW64) AppleWebKit/537.36 (KHTML, like Gecko) Chrome/65.0.3325.162 Safari/537.36',
  'connection' => 'close',
  'host' => 'zhuo.cn',
)
[ info ] [ PARAM ] array (
)
[ info ] [ RUN ] app\admin\controller\Login->setCode[ F:\phpStudy\WWW\zhuo\application\admin\controller\Login.php ]
[ info ] [ SESSION ] INIT array (
  'id' => '',
  'var_session_id' => '',
  'prefix' => 'think',
  'type' => '',
  'auto_start' => true,
)
[ info ] [ LOG ] INIT File
---------------------------------------------------------------
[ 2018-05-14T11:34:23+08:00 ] 127.0.0.1 POST /admin/login/getlogin.html
[ info ] zhuo.cn/admin/login/getlogin.html [运行时间：0.017247s][吞吐率：57.98req/s] [内存消耗：1,381.89kb] [文件加载：48]
[ info ] [ LANG ] F:\phpStudy\WWW\zhuo\thinkphp\lang\zh-cn.php
[ info ] [ ROUTE ] array (
  'type' => 'module',
  'module' => 
  array (
    0 => 'admin',
    1 => 'login',
    2 => 'getlogin',
  ),
)
[ info ] [ HEADER ] array (
  'cookie' => 'PHPSESSID=c7hppncg49siu0s3osi6gipdi2',
  'accept-language' => 'zh-CN,zh;q=0.9',
  'accept-encoding' => 'gzip, deflate',
  'referer' => 'http://zhuo.cn/login.html',
  'accept' => 'text/html,application/xhtml+xml,application/xml;q=0.9,image/webp,image/apng,*/*;q=0.8',
  'user-agent' => 'Mozilla/5.0 (Windows NT 10.0; WOW64) AppleWebKit/537.36 (KHTML, like Gecko) Chrome/65.0.3325.162 Safari/537.36',
  'content-type' => 'application/x-www-form-urlencoded',
  'upgrade-insecure-requests' => '1',
  'origin' => 'http://zhuo.cn',
  'cache-control' => 'max-age=0',
  'content-length' => '37',
  'connection' => 'close',
  'host' => 'zhuo.cn',
)
[ info ] [ PARAM ] array (
  'name' => 'zhuo',
  'passwords' => 'zhuo1314',
  'code' => 'xby',
)
[ info ] [ RUN ] app\admin\controller\Login->getLogin[ F:\phpStudy\WWW\zhuo\application\admin\controller\Login.php ]
[ info ] [ SESSION ] INIT array (
  'id' => '',
  'var_session_id' => '',
  'prefix' => 'think',
  'type' => '',
  'auto_start' => true,
)
[ info ] [ VIEW ] F:\phpStudy\WWW\zhuo\thinkphp\tpl\dispatch_jump.tpl [ array (
  0 => 'code',
  1 => 'msg',
  2 => 'data',
  3 => 'url',
  4 => 'wait',
) ]
[ info ] [ LOG ] INIT File
---------------------------------------------------------------
[ 2018-05-14T11:34:26+08:00 ] 127.0.0.1 GET /login.html
[ info ] zhuo.cn/login.html [运行时间：0.036636s][吞吐率：27.30req/s] [内存消耗：1,332.77kb] [文件加载：46]
[ info ] [ LANG ] F:\phpStudy\WWW\zhuo\thinkphp\lang\zh-cn.php
[ info ] [ ROUTE ] array (
  'type' => 'module',
  'module' => 
  array (
    0 => 'admin',
    1 => 'login',
    2 => 'index',
  ),
  'convert' => false,
)
[ info ] [ HEADER ] array (
  'cookie' => 'PHPSESSID=c7hppncg49siu0s3osi6gipdi2',
  'accept-language' => 'zh-CN,zh;q=0.9',
  'accept-encoding' => 'gzip, deflate',
  'referer' => 'http://zhuo.cn/admin/login/getlogin.html',
  'accept' => 'text/html,application/xhtml+xml,application/xml;q=0.9,image/webp,image/apng,*/*;q=0.8',
  'user-agent' => 'Mozilla/5.0 (Windows NT 10.0; WOW64) AppleWebKit/537.36 (KHTML, like Gecko) Chrome/65.0.3325.162 Safari/537.36',
  'upgrade-insecure-requests' => '1',
  'connection' => 'close',
  'host' => 'zhuo.cn',
)
[ info ] [ PARAM ] array (
)
[ info ] [ RUN ] app\admin\controller\Login->index[ F:\phpStudy\WWW\zhuo\application\admin\controller\Login.php ]
[ info ] [ SESSION ] INIT array (
  'id' => '',
  'var_session_id' => '',
  'prefix' => 'think',
  'type' => '',
  'auto_start' => true,
)
[ info ] [ VIEW ] F:\phpStudy\WWW\zhuo\public/../application/admin\view\login\index.html [ array (
) ]
[ info ] [ LOG ] INIT File
---------------------------------------------------------------
[ 2018-05-14T11:34:26+08:00 ] 127.0.0.1 GET /admin/login/setcode.html
[ info ] zhuo.cn/admin/login/setcode.html [运行时间：0.020402s][吞吐率：49.01req/s] [内存消耗：1,329.52kb] [文件加载：45]
[ info ] [ LANG ] F:\phpStudy\WWW\zhuo\thinkphp\lang\zh-cn.php
[ info ] [ ROUTE ] array (
  'type' => 'module',
  'module' => 
  array (
    0 => 'admin',
    1 => 'login',
    2 => 'setcode',
  ),
)
[ info ] [ HEADER ] array (
  'cookie' => 'PHPSESSID=c7hppncg49siu0s3osi6gipdi2',
  'accept-language' => 'zh-CN,zh;q=0.9',
  'accept-encoding' => 'gzip, deflate',
  'referer' => 'http://zhuo.cn/login.html',
  'accept' => 'image/webp,image/apng,image/*,*/*;q=0.8',
  'user-agent' => 'Mozilla/5.0 (Windows NT 10.0; WOW64) AppleWebKit/537.36 (KHTML, like Gecko) Chrome/65.0.3325.162 Safari/537.36',
  'connection' => 'close',
  'host' => 'zhuo.cn',
)
[ info ] [ PARAM ] array (
)
[ info ] [ RUN ] app\admin\controller\Login->setCode[ F:\phpStudy\WWW\zhuo\application\admin\controller\Login.php ]
[ info ] [ SESSION ] INIT array (
  'id' => '',
  'var_session_id' => '',
  'prefix' => 'think',
  'type' => '',
  'auto_start' => true,
)
[ info ] [ LOG ] INIT File
---------------------------------------------------------------
[ 2018-05-14T11:34:38+08:00 ] 127.0.0.1 POST /admin/login/getlogin.html
[ info ] zhuo.cn/admin/login/getlogin.html [运行时间：0.434097s][吞吐率：2.30req/s] [内存消耗：2,274.11kb] [文件加载：60]
[ info ] [ LANG ] F:\phpStudy\WWW\zhuo\thinkphp\lang\zh-cn.php
[ info ] [ ROUTE ] array (
  'type' => 'module',
  'module' => 
  array (
    0 => 'admin',
    1 => 'login',
    2 => 'getlogin',
  ),
)
[ info ] [ HEADER ] array (
  'cookie' => 'PHPSESSID=c7hppncg49siu0s3osi6gipdi2',
  'accept-language' => 'zh-CN,zh;q=0.9',
  'accept-encoding' => 'gzip, deflate',
  'referer' => 'http://zhuo.cn/login.html',
  'accept' => 'text/html,application/xhtml+xml,application/xml;q=0.9,image/webp,image/apng,*/*;q=0.8',
  'user-agent' => 'Mozilla/5.0 (Windows NT 10.0; WOW64) AppleWebKit/537.36 (KHTML, like Gecko) Chrome/65.0.3325.162 Safari/537.36',
  'content-type' => 'application/x-www-form-urlencoded',
  'upgrade-insecure-requests' => '1',
  'origin' => 'http://zhuo.cn',
  'cache-control' => 'max-age=0',
  'content-length' => '37',
  'connection' => 'close',
  'host' => 'zhuo.cn',
)
[ info ] [ PARAM ] array (
  'name' => 'zhuo',
  'passwords' => 'zhuo1314',
  'code' => 'iex',
)
[ info ] [ RUN ] app\admin\controller\Login->getLogin[ F:\phpStudy\WWW\zhuo\application\admin\controller\Login.php ]
[ info ] [ SESSION ] INIT array (
  'id' => '',
  'var_session_id' => '',
  'prefix' => 'think',
  'type' => '',
  'auto_start' => true,
)
[ info ] [ DB ] INIT mysql
[ info ] [ CACHE ] INIT File
[ info ] [ VIEW ] F:\phpStudy\WWW\zhuo\thinkphp\tpl\dispatch_jump.tpl [ array (
  0 => 'code',
  1 => 'msg',
  2 => 'data',
  3 => 'url',
  4 => 'wait',
) ]
[ info ] [ LOG ] INIT File
[ sql ] [ DB ] CONNECT:[ UseTime:0.096519s ] mysql:host=47.98.218.20;port=3306;dbname=zhuo;charset=utf8
[ sql ] [ SQL ] SHOW COLUMNS FROM `user` [ RunTime:0.066099s ]
[ sql ] [ SQL ] SELECT * FROM `user` WHERE  `name` = 'zhuo' LIMIT 1 [ RunTime:0.063961s ]
[ sql ] [ SQL ] UPDATE `user`  SET `last_login_time`='2018-05-14 11:34:37',`update_time`='2018-05-14 11:34:37'  WHERE  `id` = 2 [ RunTime:0.068842s ]
---------------------------------------------------------------
[ 2018-05-14T11:34:41+08:00 ] 127.0.0.1 GET /
[ info ] zhuo.cn/ [运行时间：0.078557s][吞吐率：12.73req/s] [内存消耗：1,618.53kb] [文件加载：50]
[ info ] [ LANG ] F:\phpStudy\WWW\zhuo\thinkphp\lang\zh-cn.php
[ info ] [ ROUTE ] array (
  'type' => 'module',
  'module' => 
  array (
    0 => 'admin',
    1 => 'index',
    2 => 'index',
  ),
  'convert' => false,
)
[ info ] [ HEADER ] array (
  'cookie' => 'PHPSESSID=c7hppncg49siu0s3osi6gipdi2',
  'accept-language' => 'zh-CN,zh;q=0.9',
  'accept-encoding' => 'gzip, deflate',
  'referer' => 'http://zhuo.cn/admin/login/getlogin.html',
  'accept' => 'text/html,application/xhtml+xml,application/xml;q=0.9,image/webp,image/apng,*/*;q=0.8',
  'user-agent' => 'Mozilla/5.0 (Windows NT 10.0; WOW64) AppleWebKit/537.36 (KHTML, like Gecko) Chrome/65.0.3325.162 Safari/537.36',
  'upgrade-insecure-requests' => '1',
  'connection' => 'close',
  'host' => 'zhuo.cn',
)
[ info ] [ PARAM ] array (
)
[ info ] [ SESSION ] INIT array (
  'id' => '',
  'var_session_id' => '',
  'prefix' => 'think',
  'type' => '',
  'auto_start' => true,
)
[ info ] [ RUN ] app\admin\controller\Index->index[ F:\phpStudy\WWW\zhuo\application\admin\controller\Index.php ]
[ info ] [ VIEW ] F:\phpStudy\WWW\zhuo\public/../application/admin\view\index\index.html [ array (
) ]
[ info ] [ LOG ] INIT File
---------------------------------------------------------------
[ 2018-05-14T11:34:41+08:00 ] 127.0.0.1 GET /index
[ info ] zhuo.cn/index [运行时间：0.042978s][吞吐率：23.27req/s] [内存消耗：1,550.35kb] [文件加载：49]
[ info ] [ LANG ] F:\phpStudy\WWW\zhuo\thinkphp\lang\zh-cn.php
[ info ] [ ROUTE ] array (
  'type' => 'module',
  'module' => 
  array (
    0 => 'admin',
    1 => 'index',
    2 => 'main',
  ),
  'convert' => false,
)
[ info ] [ HEADER ] array (
  'cookie' => 'PHPSESSID=c7hppncg49siu0s3osi6gipdi2',
  'accept-language' => 'zh-CN,zh;q=0.9',
  'accept-encoding' => 'gzip, deflate',
  'referer' => 'http://zhuo.cn/',
  'accept' => 'text/html,application/xhtml+xml,application/xml;q=0.9,image/webp,image/apng,*/*;q=0.8',
  'user-agent' => 'Mozilla/5.0 (Windows NT 10.0; WOW64) AppleWebKit/537.36 (KHTML, like Gecko) Chrome/65.0.3325.162 Safari/537.36',
  'upgrade-insecure-requests' => '1',
  'connection' => 'close',
  'host' => 'zhuo.cn',
)
[ info ] [ PARAM ] array (
)
[ info ] [ SESSION ] INIT array (
  'id' => '',
  'var_session_id' => '',
  'prefix' => 'think',
  'type' => '',
  'auto_start' => true,
)
[ info ] [ RUN ] app\admin\controller\Index->main[ F:\phpStudy\WWW\zhuo\application\admin\controller\Index.php ]
[ info ] [ VIEW ] F:\phpStudy\WWW\zhuo\public/../application/admin\view\index\main.html [ array (
) ]
[ info ] [ LOG ] INIT File
---------------------------------------------------------------
[ 2018-05-14T11:34:44+08:00 ] 127.0.0.1 GET /artlist
[ info ] zhuo.cn/artlist [运行时间：0.268552s][吞吐率：3.72req/s] [内存消耗：2,255.67kb] [文件加载：58]
[ info ] [ LANG ] F:\phpStudy\WWW\zhuo\thinkphp\lang\zh-cn.php
[ info ] [ ROUTE ] array (
  'type' => 'module',
  'module' => 
  array (
    0 => 'admin',
    1 => 'article',
    2 => 'index',
  ),
  'convert' => false,
)
[ info ] [ HEADER ] array (
  'cookie' => 'PHPSESSID=c7hppncg49siu0s3osi6gipdi2',
  'accept-language' => 'zh-CN,zh;q=0.9',
  'accept-encoding' => 'gzip, deflate',
  'referer' => 'http://zhuo.cn/',
  'accept' => 'text/html,application/xhtml+xml,application/xml;q=0.9,image/webp,image/apng,*/*;q=0.8',
  'user-agent' => 'Mozilla/5.0 (Windows NT 10.0; WOW64) AppleWebKit/537.36 (KHTML, like Gecko) Chrome/65.0.3325.162 Safari/537.36',
  'upgrade-insecure-requests' => '1',
  'connection' => 'close',
  'host' => 'zhuo.cn',
)
[ info ] [ PARAM ] array (
)
[ info ] [ SESSION ] INIT array (
  'id' => '',
  'var_session_id' => '',
  'prefix' => 'think',
  'type' => '',
  'auto_start' => true,
)
[ info ] [ DB ] INIT mysql
[ info ] [ VIEW ] F:\phpStudy\WWW\zhuo\thinkphp\tpl\dispatch_jump.tpl [ array (
  0 => 'code',
  1 => 'msg',
  2 => 'data',
  3 => 'url',
  4 => 'wait',
) ]
[ info ] [ LOG ] INIT File
[ sql ] [ DB ] CONNECT:[ UseTime:0.094452s ] mysql:host=47.98.218.20;port=3306;dbname=zhuo;charset=utf8
[ sql ] [ SQL ] SHOW COLUMNS FROM `auth_group_access` [ RunTime:0.062691s ]
[ sql ] [ SQL ] SELECT `auth_group_access`.`uid`,`auth_group_access`.`group_id`,`auth_group`.`title`,`auth_group`.`rules` FROM `auth_group_access` LEFT JOIN `auth_group` ON `auth_group_access`.`group_id`=`auth_group`.`id` WHERE  (  auth_group_access.uid='2' and auth_group.status='1' ) [ RunTime:0.061476s ]
---------------------------------------------------------------
[ 2018-05-14T11:34:45+08:00 ] 127.0.0.1 GET /artcon
[ info ] zhuo.cn/artcon [运行时间：0.252579s][吞吐率：3.96req/s] [内存消耗：2,255.67kb] [文件加载：58]
[ info ] [ LANG ] F:\phpStudy\WWW\zhuo\thinkphp\lang\zh-cn.php
[ info ] [ ROUTE ] array (
  'type' => 'module',
  'module' => 
  array (
    0 => 'admin',
    1 => 'article',
    2 => 'add',
  ),
  'convert' => false,
)
[ info ] [ HEADER ] array (
  'cookie' => 'PHPSESSID=c7hppncg49siu0s3osi6gipdi2',
  'accept-language' => 'zh-CN,zh;q=0.9',
  'accept-encoding' => 'gzip, deflate',
  'referer' => 'http://zhuo.cn/',
  'accept' => 'text/html,application/xhtml+xml,application/xml;q=0.9,image/webp,image/apng,*/*;q=0.8',
  'user-agent' => 'Mozilla/5.0 (Windows NT 10.0; WOW64) AppleWebKit/537.36 (KHTML, like Gecko) Chrome/65.0.3325.162 Safari/537.36',
  'upgrade-insecure-requests' => '1',
  'connection' => 'close',
  'host' => 'zhuo.cn',
)
[ info ] [ PARAM ] array (
)
[ info ] [ SESSION ] INIT array (
  'id' => '',
  'var_session_id' => '',
  'prefix' => 'think',
  'type' => '',
  'auto_start' => true,
)
[ info ] [ DB ] INIT mysql
[ info ] [ VIEW ] F:\phpStudy\WWW\zhuo\thinkphp\tpl\dispatch_jump.tpl [ array (
  0 => 'code',
  1 => 'msg',
  2 => 'data',
  3 => 'url',
  4 => 'wait',
) ]
[ info ] [ LOG ] INIT File
[ sql ] [ DB ] CONNECT:[ UseTime:0.094025s ] mysql:host=47.98.218.20;port=3306;dbname=zhuo;charset=utf8
[ sql ] [ SQL ] SHOW COLUMNS FROM `auth_group_access` [ RunTime:0.063720s ]
[ sql ] [ SQL ] SELECT `auth_group_access`.`uid`,`auth_group_access`.`group_id`,`auth_group`.`title`,`auth_group`.`rules` FROM `auth_group_access` LEFT JOIN `auth_group` ON `auth_group_access`.`group_id`=`auth_group`.`id` WHERE  (  auth_group_access.uid='2' and auth_group.status='1' ) [ RunTime:0.064120s ]
---------------------------------------------------------------
[ 2018-05-14T11:34:48+08:00 ] 127.0.0.1 GET /
[ info ] zhuo.cn/ [运行时间：0.042218s][吞吐率：23.69req/s] [内存消耗：1,618.54kb] [文件加载：50]
[ info ] [ LANG ] F:\phpStudy\WWW\zhuo\thinkphp\lang\zh-cn.php
[ info ] [ ROUTE ] array (
  'type' => 'module',
  'module' => 
  array (
    0 => 'admin',
    1 => 'index',
    2 => 'index',
  ),
  'convert' => false,
)
[ info ] [ HEADER ] array (
  'cookie' => 'PHPSESSID=c7hppncg49siu0s3osi6gipdi2',
  'accept-language' => 'zh-CN,zh;q=0.9',
  'accept-encoding' => 'gzip, deflate',
  'referer' => 'http://zhuo.cn/artcon',
  'accept' => 'text/html,application/xhtml+xml,application/xml;q=0.9,image/webp,image/apng,*/*;q=0.8',
  'user-agent' => 'Mozilla/5.0 (Windows NT 10.0; WOW64) AppleWebKit/537.36 (KHTML, like Gecko) Chrome/65.0.3325.162 Safari/537.36',
  'upgrade-insecure-requests' => '1',
  'connection' => 'close',
  'host' => 'zhuo.cn',
)
[ info ] [ PARAM ] array (
)
[ info ] [ SESSION ] INIT array (
  'id' => '',
  'var_session_id' => '',
  'prefix' => 'think',
  'type' => '',
  'auto_start' => true,
)
[ info ] [ RUN ] app\admin\controller\Index->index[ F:\phpStudy\WWW\zhuo\application\admin\controller\Index.php ]
[ info ] [ VIEW ] F:\phpStudy\WWW\zhuo\public/../application/admin\view\index\index.html [ array (
) ]
[ info ] [ LOG ] INIT File
---------------------------------------------------------------
[ 2018-05-14T11:34:48+08:00 ] 127.0.0.1 GET /index
[ info ] zhuo.cn/index [运行时间：0.019233s][吞吐率：51.99req/s] [内存消耗：1,550.35kb] [文件加载：49]
[ info ] [ LANG ] F:\phpStudy\WWW\zhuo\thinkphp\lang\zh-cn.php
[ info ] [ ROUTE ] array (
  'type' => 'module',
  'module' => 
  array (
    0 => 'admin',
    1 => 'index',
    2 => 'main',
  ),
  'convert' => false,
)
[ info ] [ HEADER ] array (
  'cookie' => 'PHPSESSID=c7hppncg49siu0s3osi6gipdi2',
  'accept-language' => 'zh-CN,zh;q=0.9',
  'accept-encoding' => 'gzip, deflate',
  'referer' => 'http://zhuo.cn/',
  'accept' => 'text/html,application/xhtml+xml,application/xml;q=0.9,image/webp,image/apng,*/*;q=0.8',
  'user-agent' => 'Mozilla/5.0 (Windows NT 10.0; WOW64) AppleWebKit/537.36 (KHTML, like Gecko) Chrome/65.0.3325.162 Safari/537.36',
  'upgrade-insecure-requests' => '1',
  'connection' => 'close',
  'host' => 'zhuo.cn',
)
[ info ] [ PARAM ] array (
)
[ info ] [ SESSION ] INIT array (
  'id' => '',
  'var_session_id' => '',
  'prefix' => 'think',
  'type' => '',
  'auto_start' => true,
)
[ info ] [ RUN ] app\admin\controller\Index->main[ F:\phpStudy\WWW\zhuo\application\admin\controller\Index.php ]
[ info ] [ VIEW ] F:\phpStudy\WWW\zhuo\public/../application/admin\view\index\main.html [ array (
) ]
[ info ] [ LOG ] INIT File
---------------------------------------------------------------
[ 2018-05-14T11:34:49+08:00 ] 127.0.0.1 GET /artlist
[ info ] zhuo.cn/artlist [运行时间：0.246091s][吞吐率：4.06req/s] [内存消耗：2,255.67kb] [文件加载：58]
[ info ] [ LANG ] F:\phpStudy\WWW\zhuo\thinkphp\lang\zh-cn.php
[ info ] [ ROUTE ] array (
  'type' => 'module',
  'module' => 
  array (
    0 => 'admin',
    1 => 'article',
    2 => 'index',
  ),
  'convert' => false,
)
[ info ] [ HEADER ] array (
  'cookie' => 'PHPSESSID=c7hppncg49siu0s3osi6gipdi2',
  'accept-language' => 'zh-CN,zh;q=0.9',
  'accept-encoding' => 'gzip, deflate',
  'referer' => 'http://zhuo.cn/',
  'accept' => 'text/html,application/xhtml+xml,application/xml;q=0.9,image/webp,image/apng,*/*;q=0.8',
  'user-agent' => 'Mozilla/5.0 (Windows NT 10.0; WOW64) AppleWebKit/537.36 (KHTML, like Gecko) Chrome/65.0.3325.162 Safari/537.36',
  'upgrade-insecure-requests' => '1',
  'connection' => 'close',
  'host' => 'zhuo.cn',
)
[ info ] [ PARAM ] array (
)
[ info ] [ SESSION ] INIT array (
  'id' => '',
  'var_session_id' => '',
  'prefix' => 'think',
  'type' => '',
  'auto_start' => true,
)
[ info ] [ DB ] INIT mysql
[ info ] [ VIEW ] F:\phpStudy\WWW\zhuo\thinkphp\tpl\dispatch_jump.tpl [ array (
  0 => 'code',
  1 => 'msg',
  2 => 'data',
  3 => 'url',
  4 => 'wait',
) ]
[ info ] [ LOG ] INIT File
[ sql ] [ DB ] CONNECT:[ UseTime:0.094124s ] mysql:host=47.98.218.20;port=3306;dbname=zhuo;charset=utf8
[ sql ] [ SQL ] SHOW COLUMNS FROM `auth_group_access` [ RunTime:0.063465s ]
[ sql ] [ SQL ] SELECT `auth_group_access`.`uid`,`auth_group_access`.`group_id`,`auth_group`.`title`,`auth_group`.`rules` FROM `auth_group_access` LEFT JOIN `auth_group` ON `auth_group_access`.`group_id`=`auth_group`.`id` WHERE  (  auth_group_access.uid='2' and auth_group.status='1' ) [ RunTime:0.061682s ]
---------------------------------------------------------------
[ 2018-05-14T11:34:52+08:00 ] 127.0.0.1 GET /
[ info ] zhuo.cn/ [运行时间：0.043648s][吞吐率：22.91req/s] [内存消耗：1,618.54kb] [文件加载：50]
[ info ] [ LANG ] F:\phpStudy\WWW\zhuo\thinkphp\lang\zh-cn.php
[ info ] [ ROUTE ] array (
  'type' => 'module',
  'module' => 
  array (
    0 => 'admin',
    1 => 'index',
    2 => 'index',
  ),
  'convert' => false,
)
[ info ] [ HEADER ] array (
  'cookie' => 'PHPSESSID=c7hppncg49siu0s3osi6gipdi2',
  'accept-language' => 'zh-CN,zh;q=0.9',
  'accept-encoding' => 'gzip, deflate',
  'referer' => 'http://zhuo.cn/artlist',
  'accept' => 'text/html,application/xhtml+xml,application/xml;q=0.9,image/webp,image/apng,*/*;q=0.8',
  'user-agent' => 'Mozilla/5.0 (Windows NT 10.0; WOW64) AppleWebKit/537.36 (KHTML, like Gecko) Chrome/65.0.3325.162 Safari/537.36',
  'upgrade-insecure-requests' => '1',
  'connection' => 'close',
  'host' => 'zhuo.cn',
)
[ info ] [ PARAM ] array (
)
[ info ] [ SESSION ] INIT array (
  'id' => '',
  'var_session_id' => '',
  'prefix' => 'think',
  'type' => '',
  'auto_start' => true,
)
[ info ] [ RUN ] app\admin\controller\Index->index[ F:\phpStudy\WWW\zhuo\application\admin\controller\Index.php ]
[ info ] [ VIEW ] F:\phpStudy\WWW\zhuo\public/../application/admin\view\index\index.html [ array (
) ]
[ info ] [ LOG ] INIT File
---------------------------------------------------------------
[ 2018-05-14T11:34:52+08:00 ] 127.0.0.1 GET /index
[ info ] zhuo.cn/index [运行时间：0.018957s][吞吐率：52.75req/s] [内存消耗：1,550.35kb] [文件加载：49]
[ info ] [ LANG ] F:\phpStudy\WWW\zhuo\thinkphp\lang\zh-cn.php
[ info ] [ ROUTE ] array (
  'type' => 'module',
  'module' => 
  array (
    0 => 'admin',
    1 => 'index',
    2 => 'main',
  ),
  'convert' => false,
)
[ info ] [ HEADER ] array (
  'cookie' => 'PHPSESSID=c7hppncg49siu0s3osi6gipdi2',
  'accept-language' => 'zh-CN,zh;q=0.9',
  'accept-encoding' => 'gzip, deflate',
  'referer' => 'http://zhuo.cn/',
  'accept' => 'text/html,application/xhtml+xml,application/xml;q=0.9,image/webp,image/apng,*/*;q=0.8',
  'user-agent' => 'Mozilla/5.0 (Windows NT 10.0; WOW64) AppleWebKit/537.36 (KHTML, like Gecko) Chrome/65.0.3325.162 Safari/537.36',
  'upgrade-insecure-requests' => '1',
  'connection' => 'close',
  'host' => 'zhuo.cn',
)
[ info ] [ PARAM ] array (
)
[ info ] [ SESSION ] INIT array (
  'id' => '',
  'var_session_id' => '',
  'prefix' => 'think',
  'type' => '',
  'auto_start' => true,
)
[ info ] [ RUN ] app\admin\controller\Index->main[ F:\phpStudy\WWW\zhuo\application\admin\controller\Index.php ]
[ info ] [ VIEW ] F:\phpStudy\WWW\zhuo\public/../application/admin\view\index\main.html [ array (
) ]
[ info ] [ LOG ] INIT File
---------------------------------------------------------------
[ 2018-05-14T11:35:03+08:00 ] 127.0.0.1 GET /user
[ info ] zhuo.cn/user [运行时间：0.252923s][吞吐率：3.95req/s] [内存消耗：2,257.02kb] [文件加载：58]
[ info ] [ LANG ] F:\phpStudy\WWW\zhuo\thinkphp\lang\zh-cn.php
[ info ] [ ROUTE ] array (
  'type' => 'module',
  'module' => 
  array (
    0 => 'admin',
    1 => 'user',
    2 => 'index',
  ),
  'convert' => false,
)
[ info ] [ HEADER ] array (
  'cookie' => 'PHPSESSID=c7hppncg49siu0s3osi6gipdi2',
  'accept-language' => 'zh-CN,zh;q=0.9',
  'accept-encoding' => 'gzip, deflate',
  'referer' => 'http://zhuo.cn/',
  'accept' => 'text/html,application/xhtml+xml,application/xml;q=0.9,image/webp,image/apng,*/*;q=0.8',
  'user-agent' => 'Mozilla/5.0 (Windows NT 10.0; WOW64) AppleWebKit/537.36 (KHTML, like Gecko) Chrome/65.0.3325.162 Safari/537.36',
  'upgrade-insecure-requests' => '1',
  'connection' => 'close',
  'host' => 'zhuo.cn',
)
[ info ] [ PARAM ] array (
)
[ info ] [ SESSION ] INIT array (
  'id' => '',
  'var_session_id' => '',
  'prefix' => 'think',
  'type' => '',
  'auto_start' => true,
)
[ info ] [ DB ] INIT mysql
[ info ] [ VIEW ] F:\phpStudy\WWW\zhuo\thinkphp\tpl\dispatch_jump.tpl [ array (
  0 => 'code',
  1 => 'msg',
  2 => 'data',
  3 => 'url',
  4 => 'wait',
) ]
[ info ] [ LOG ] INIT File
[ sql ] [ DB ] CONNECT:[ UseTime:0.094814s ] mysql:host=47.98.218.20;port=3306;dbname=zhuo;charset=utf8
[ sql ] [ SQL ] SHOW COLUMNS FROM `auth_group_access` [ RunTime:0.064269s ]
[ sql ] [ SQL ] SELECT `auth_group_access`.`uid`,`auth_group_access`.`group_id`,`auth_group`.`title`,`auth_group`.`rules` FROM `auth_group_access` LEFT JOIN `auth_group` ON `auth_group_access`.`group_id`=`auth_group`.`id` WHERE  (  auth_group_access.uid='2' and auth_group.status='1' ) [ RunTime:0.064038s ]
---------------------------------------------------------------
[ 2018-05-14T11:53:27+08:00 ] 127.0.0.1 GET /index.php?XDEBUG_SESSION_START=16140
[ info ] zhuo.cn/index.php?XDEBUG_SESSION_START=16140 [运行时间：0.031841s][吞吐率：31.41req/s] [内存消耗：2,011.76kb] [文件加载：50]
[ info ] [ LANG ] F:\phpStudy\WWW\zhuo\thinkphp\lang\zh-cn.php
[ info ] [ ROUTE ] array (
  'type' => 'module',
  'module' => 
  array (
    0 => 'admin',
    1 => 'index',
    2 => 'index',
  ),
  'convert' => false,
)
[ info ] [ HEADER ] array (
  'cookie' => 'PHPSESSID=c7hppncg49siu0s3osi6gipdi2',
  'accept-language' => 'zh-CN,zh;q=0.9',
  'accept-encoding' => 'gzip, deflate',
  'accept' => 'text/html,application/xhtml+xml,application/xml;q=0.9,image/webp,image/apng,*/*;q=0.8',
  'user-agent' => 'Mozilla/5.0 (Windows NT 10.0; WOW64) AppleWebKit/537.36 (KHTML, like Gecko) Chrome/65.0.3325.162 Safari/537.36',
  'upgrade-insecure-requests' => '1',
  'connection' => 'close',
  'host' => 'zhuo.cn',
)
[ info ] [ PARAM ] array (
  'XDEBUG_SESSION_START' => '16140',
)
[ info ] [ SESSION ] INIT array (
  'id' => '',
  'var_session_id' => '',
  'prefix' => 'think',
  'type' => '',
  'auto_start' => true,
)
[ info ] [ RUN ] app\admin\controller\Index->index[ F:\phpStudy\WWW\zhuo\application\admin\controller\Index.php ]
[ info ] [ VIEW ] F:\phpStudy\WWW\zhuo\public/../application/admin\view\index\index.html [ array (
) ]
[ info ] [ LOG ] INIT File
---------------------------------------------------------------
[ 2018-05-14T11:53:27+08:00 ] 127.0.0.1 GET /index
[ info ] zhuo.cn/index [运行时间：0.039068s][吞吐率：25.60req/s] [内存消耗：1,929.98kb] [文件加载：49]
[ info ] [ LANG ] F:\phpStudy\WWW\zhuo\thinkphp\lang\zh-cn.php
[ info ] [ ROUTE ] array (
  'type' => 'module',
  'module' => 
  array (
    0 => 'admin',
    1 => 'index',
    2 => 'main',
  ),
  'convert' => false,
)
[ info ] [ HEADER ] array (
  'cookie' => 'PHPSESSID=c7hppncg49siu0s3osi6gipdi2; XDEBUG_SESSION=16140',
  'accept-language' => 'zh-CN,zh;q=0.9',
  'accept-encoding' => 'gzip, deflate',
  'referer' => 'http://zhuo.cn/index.php?XDEBUG_SESSION_START=16140',
  'accept' => 'text/html,application/xhtml+xml,application/xml;q=0.9,image/webp,image/apng,*/*;q=0.8',
  'user-agent' => 'Mozilla/5.0 (Windows NT 10.0; WOW64) AppleWebKit/537.36 (KHTML, like Gecko) Chrome/65.0.3325.162 Safari/537.36',
  'upgrade-insecure-requests' => '1',
  'connection' => 'close',
  'host' => 'zhuo.cn',
)
[ info ] [ PARAM ] array (
)
[ info ] [ SESSION ] INIT array (
  'id' => '',
  'var_session_id' => '',
  'prefix' => 'think',
  'type' => '',
  'auto_start' => true,
)
[ info ] [ RUN ] app\admin\controller\Index->main[ F:\phpStudy\WWW\zhuo\application\admin\controller\Index.php ]
[ info ] [ VIEW ] F:\phpStudy\WWW\zhuo\public/../application/admin\view\index\main.html [ array (
) ]
[ info ] [ LOG ] INIT File
---------------------------------------------------------------
[ 2018-05-14T13:42:35+08:00 ] 127.0.0.1 GET /
[ info ] zhuo.cn/ [运行时间：0.029358s][吞吐率：34.06req/s] [内存消耗：1,648.87kb] [文件加载：48]
[ info ] [ LANG ] F:\phpStudy\WWW\zhuo\thinkphp\lang\zh-cn.php
[ info ] [ ROUTE ] array (
  'type' => 'module',
  'module' => 
  array (
    0 => 'admin',
    1 => 'index',
    2 => 'index',
  ),
  'convert' => false,
)
[ info ] [ HEADER ] array (
  'connection' => 'close',
  'accept-encoding' => 'gzip, deflate',
  'host' => 'zhuo.cn',
  'accept' => '*/*',
  'user-agent' => 'PostmanRuntime/7.1.1',
  'postman-token' => '124983a9-ad10-4df2-aca5-c9e74e3bff58',
  'cache-control' => 'no-cache',
)
[ info ] [ PARAM ] array (
)
[ info ] [ SESSION ] INIT array (
  'id' => '',
  'var_session_id' => '',
  'prefix' => 'think',
  'type' => '',
  'auto_start' => true,
)
[ info ] [ VIEW ] F:\phpStudy\WWW\zhuo\thinkphp\tpl\dispatch_jump.tpl [ array (
  0 => 'code',
  1 => 'msg',
  2 => 'data',
  3 => 'url',
  4 => 'wait',
) ]
[ info ] [ LOG ] INIT File
---------------------------------------------------------------
[ 2018-05-14T14:22:37+08:00 ] 127.0.0.1 GET /
[ info ] zhuo.cn/ [运行时间：0.031394s][吞吐率：31.85req/s] [内存消耗：2,011.61kb] [文件加载：50]
[ info ] [ LANG ] F:\phpStudy\WWW\zhuo\thinkphp\lang\zh-cn.php
[ info ] [ ROUTE ] array (
  'type' => 'module',
  'module' => 
  array (
    0 => 'admin',
    1 => 'index',
    2 => 'index',
  ),
  'convert' => false,
)
[ info ] [ HEADER ] array (
  'cookie' => 'PHPSESSID=c7hppncg49siu0s3osi6gipdi2',
  'accept-language' => 'zh-CN,zh;q=0.9',
  'accept-encoding' => 'gzip, deflate',
  'accept' => 'text/html,application/xhtml+xml,application/xml;q=0.9,image/webp,image/apng,*/*;q=0.8',
  'user-agent' => 'Mozilla/5.0 (Windows NT 10.0; WOW64) AppleWebKit/537.36 (KHTML, like Gecko) Chrome/65.0.3325.162 Safari/537.36',
  'upgrade-insecure-requests' => '1',
  'connection' => 'close',
  'host' => 'zhuo.cn',
)
[ info ] [ PARAM ] array (
)
[ info ] [ SESSION ] INIT array (
  'id' => '',
  'var_session_id' => '',
  'prefix' => 'think',
  'type' => '',
  'auto_start' => true,
)
[ info ] [ RUN ] app\admin\controller\Index->index[ F:\phpStudy\WWW\zhuo\application\admin\controller\Index.php ]
[ info ] [ VIEW ] F:\phpStudy\WWW\zhuo\public/../application/admin\view\index\index.html [ array (
) ]
[ info ] [ LOG ] INIT File
---------------------------------------------------------------
[ 2018-05-14T14:22:38+08:00 ] 127.0.0.1 GET /
[ info ] zhuo.cn/ [运行时间：0.024183s][吞吐率：41.35req/s] [内存消耗：2,011.61kb] [文件加载：50]
[ info ] [ LANG ] F:\phpStudy\WWW\zhuo\thinkphp\lang\zh-cn.php
[ info ] [ ROUTE ] array (
  'type' => 'module',
  'module' => 
  array (
    0 => 'admin',
    1 => 'index',
    2 => 'index',
  ),
  'convert' => false,
)
[ info ] [ HEADER ] array (
  'cookie' => 'PHPSESSID=c7hppncg49siu0s3osi6gipdi2',
  'accept-language' => 'zh-CN,zh;q=0.9',
  'accept-encoding' => 'gzip, deflate',
  'accept' => 'text/html,application/xhtml+xml,application/xml;q=0.9,image/webp,image/apng,*/*;q=0.8',
  'user-agent' => 'Mozilla/5.0 (Windows NT 10.0; WOW64) AppleWebKit/537.36 (KHTML, like Gecko) Chrome/65.0.3325.162 Safari/537.36',
  'upgrade-insecure-requests' => '1',
  'connection' => 'close',
  'host' => 'zhuo.cn',
)
[ info ] [ PARAM ] array (
)
[ info ] [ SESSION ] INIT array (
  'id' => '',
  'var_session_id' => '',
  'prefix' => 'think',
  'type' => '',
  'auto_start' => true,
)
[ info ] [ RUN ] app\admin\controller\Index->index[ F:\phpStudy\WWW\zhuo\application\admin\controller\Index.php ]
[ info ] [ VIEW ] F:\phpStudy\WWW\zhuo\public/../application/admin\view\index\index.html [ array (
) ]
[ info ] [ LOG ] INIT File
---------------------------------------------------------------
[ 2018-05-14T14:22:38+08:00 ] 127.0.0.1 GET /index
[ info ] zhuo.cn/index [运行时间：0.022144s][吞吐率：45.16req/s] [内存消耗：1,930.17kb] [文件加载：49]
[ info ] [ LANG ] F:\phpStudy\WWW\zhuo\thinkphp\lang\zh-cn.php
[ info ] [ ROUTE ] array (
  'type' => 'module',
  'module' => 
  array (
    0 => 'admin',
    1 => 'index',
    2 => 'main',
  ),
  'convert' => false,
)
[ info ] [ HEADER ] array (
  'cookie' => 'PHPSESSID=c7hppncg49siu0s3osi6gipdi2',
  'accept-language' => 'zh-CN,zh;q=0.9',
  'accept-encoding' => 'gzip, deflate',
  'referer' => 'http://zhuo.cn/',
  'accept' => 'text/html,application/xhtml+xml,application/xml;q=0.9,image/webp,image/apng,*/*;q=0.8',
  'user-agent' => 'Mozilla/5.0 (Windows NT 10.0; WOW64) AppleWebKit/537.36 (KHTML, like Gecko) Chrome/65.0.3325.162 Safari/537.36',
  'upgrade-insecure-requests' => '1',
  'connection' => 'close',
  'host' => 'zhuo.cn',
)
[ info ] [ PARAM ] array (
)
[ info ] [ SESSION ] INIT array (
  'id' => '',
  'var_session_id' => '',
  'prefix' => 'think',
  'type' => '',
  'auto_start' => true,
)
[ info ] [ RUN ] app\admin\controller\Index->main[ F:\phpStudy\WWW\zhuo\application\admin\controller\Index.php ]
[ info ] [ VIEW ] F:\phpStudy\WWW\zhuo\public/../application/admin\view\index\main.html [ array (
) ]
[ info ] [ LOG ] INIT File
---------------------------------------------------------------
[ 2018-05-14T14:22:41+08:00 ] 127.0.0.1 GET /
[ info ] zhuo.cn/ [运行时间：0.021640s][吞吐率：46.21req/s] [内存消耗：2,012.02kb] [文件加载：50]
[ info ] [ LANG ] F:\phpStudy\WWW\zhuo\thinkphp\lang\zh-cn.php
[ info ] [ ROUTE ] array (
  'type' => 'module',
  'module' => 
  array (
    0 => 'admin',
    1 => 'index',
    2 => 'index',
  ),
  'convert' => false,
)
[ info ] [ HEADER ] array (
  'cookie' => 'PHPSESSID=c7hppncg49siu0s3osi6gipdi2',
  'accept-language' => 'zh-CN,zh;q=0.9',
  'accept-encoding' => 'gzip, deflate',
  'accept' => 'text/html,application/xhtml+xml,application/xml;q=0.9,image/webp,image/apng,*/*;q=0.8',
  'user-agent' => 'Mozilla/5.0 (Windows NT 10.0; WOW64) AppleWebKit/537.36 (KHTML, like Gecko) Chrome/65.0.3325.162 Safari/537.36',
  'upgrade-insecure-requests' => '1',
  'cache-control' => 'max-age=0',
  'connection' => 'close',
  'host' => 'zhuo.cn',
)
[ info ] [ PARAM ] array (
)
[ info ] [ SESSION ] INIT array (
  'id' => '',
  'var_session_id' => '',
  'prefix' => 'think',
  'type' => '',
  'auto_start' => true,
)
[ info ] [ RUN ] app\admin\controller\Index->index[ F:\phpStudy\WWW\zhuo\application\admin\controller\Index.php ]
[ info ] [ VIEW ] F:\phpStudy\WWW\zhuo\public/../application/admin\view\index\index.html [ array (
) ]
[ info ] [ LOG ] INIT File
---------------------------------------------------------------
[ 2018-05-14T14:22:41+08:00 ] 127.0.0.1 GET /index
[ info ] zhuo.cn/index [运行时间：0.022643s][吞吐率：44.16req/s] [内存消耗：1,930.17kb] [文件加载：49]
[ info ] [ LANG ] F:\phpStudy\WWW\zhuo\thinkphp\lang\zh-cn.php
[ info ] [ ROUTE ] array (
  'type' => 'module',
  'module' => 
  array (
    0 => 'admin',
    1 => 'index',
    2 => 'main',
  ),
  'convert' => false,
)
[ info ] [ HEADER ] array (
  'cookie' => 'PHPSESSID=c7hppncg49siu0s3osi6gipdi2',
  'accept-language' => 'zh-CN,zh;q=0.9',
  'accept-encoding' => 'gzip, deflate',
  'referer' => 'http://zhuo.cn/',
  'accept' => 'text/html,application/xhtml+xml,application/xml;q=0.9,image/webp,image/apng,*/*;q=0.8',
  'user-agent' => 'Mozilla/5.0 (Windows NT 10.0; WOW64) AppleWebKit/537.36 (KHTML, like Gecko) Chrome/65.0.3325.162 Safari/537.36',
  'upgrade-insecure-requests' => '1',
  'connection' => 'close',
  'host' => 'zhuo.cn',
)
[ info ] [ PARAM ] array (
)
[ info ] [ SESSION ] INIT array (
  'id' => '',
  'var_session_id' => '',
  'prefix' => 'think',
  'type' => '',
  'auto_start' => true,
)
[ info ] [ RUN ] app\admin\controller\Index->main[ F:\phpStudy\WWW\zhuo\application\admin\controller\Index.php ]
[ info ] [ VIEW ] F:\phpStudy\WWW\zhuo\public/../application/admin\view\index\main.html [ array (
) ]
[ info ] [ LOG ] INIT File
---------------------------------------------------------------
[ 2018-05-14T14:22:44+08:00 ] 127.0.0.1 GET /artlist
[ info ] zhuo.cn/artlist [运行时间：1.136411s][吞吐率：0.88req/s] [内存消耗：2,800.65kb] [文件加载：58]
[ info ] [ LANG ] F:\phpStudy\WWW\zhuo\thinkphp\lang\zh-cn.php
[ info ] [ ROUTE ] array (
  'type' => 'module',
  'module' => 
  array (
    0 => 'admin',
    1 => 'article',
    2 => 'index',
  ),
  'convert' => false,
)
[ info ] [ HEADER ] array (
  'cookie' => 'PHPSESSID=c7hppncg49siu0s3osi6gipdi2',
  'accept-language' => 'zh-CN,zh;q=0.9',
  'accept-encoding' => 'gzip, deflate',
  'referer' => 'http://zhuo.cn/',
  'accept' => 'text/html,application/xhtml+xml,application/xml;q=0.9,image/webp,image/apng,*/*;q=0.8',
  'user-agent' => 'Mozilla/5.0 (Windows NT 10.0; WOW64) AppleWebKit/537.36 (KHTML, like Gecko) Chrome/65.0.3325.162 Safari/537.36',
  'upgrade-insecure-requests' => '1',
  'connection' => 'close',
  'host' => 'zhuo.cn',
)
[ info ] [ PARAM ] array (
)
[ info ] [ SESSION ] INIT array (
  'id' => '',
  'var_session_id' => '',
  'prefix' => 'think',
  'type' => '',
  'auto_start' => true,
)
[ info ] [ DB ] INIT mysql
[ info ] [ VIEW ] F:\phpStudy\WWW\zhuo\thinkphp\tpl\dispatch_jump.tpl [ array (
  0 => 'code',
  1 => 'msg',
  2 => 'data',
  3 => 'url',
  4 => 'wait',
) ]
[ info ] [ LOG ] INIT File
[ sql ] [ DB ] CONNECT:[ UseTime:1.047669s ] mysql:host=localhost;port=3306;dbname=zhuo;charset=utf8
[ sql ] [ SQL ] SHOW COLUMNS FROM `auth_group_access` [ RunTime:0.037166s ]
[ sql ] [ SQL ] SELECT `auth_group_access`.`uid`,`auth_group_access`.`group_id`,`auth_group`.`title`,`auth_group`.`rules` FROM `auth_group_access` LEFT JOIN `auth_group` ON `auth_group_access`.`group_id`=`auth_group`.`id` WHERE  (  auth_group_access.uid='2' and auth_group.status='1' ) [ RunTime:0.008680s ]
---------------------------------------------------------------
[ 2018-05-14T14:22:45+08:00 ] 127.0.0.1 GET /artlist
[ info ] zhuo.cn/artlist [运行时间：1.068268s][吞吐率：0.94req/s] [内存消耗：2,800.65kb] [文件加载：58]
[ info ] [ LANG ] F:\phpStudy\WWW\zhuo\thinkphp\lang\zh-cn.php
[ info ] [ ROUTE ] array (
  'type' => 'module',
  'module' => 
  array (
    0 => 'admin',
    1 => 'article',
    2 => 'index',
  ),
  'convert' => false,
)
[ info ] [ HEADER ] array (
  'cookie' => 'PHPSESSID=c7hppncg49siu0s3osi6gipdi2',
  'accept-language' => 'zh-CN,zh;q=0.9',
  'accept-encoding' => 'gzip, deflate',
  'referer' => 'http://zhuo.cn/',
  'accept' => 'text/html,application/xhtml+xml,application/xml;q=0.9,image/webp,image/apng,*/*;q=0.8',
  'user-agent' => 'Mozilla/5.0 (Windows NT 10.0; WOW64) AppleWebKit/537.36 (KHTML, like Gecko) Chrome/65.0.3325.162 Safari/537.36',
  'upgrade-insecure-requests' => '1',
  'connection' => 'close',
  'host' => 'zhuo.cn',
)
[ info ] [ PARAM ] array (
)
[ info ] [ SESSION ] INIT array (
  'id' => '',
  'var_session_id' => '',
  'prefix' => 'think',
  'type' => '',
  'auto_start' => true,
)
[ info ] [ DB ] INIT mysql
[ info ] [ VIEW ] F:\phpStudy\WWW\zhuo\thinkphp\tpl\dispatch_jump.tpl [ array (
  0 => 'code',
  1 => 'msg',
  2 => 'data',
  3 => 'url',
  4 => 'wait',
) ]
[ info ] [ LOG ] INIT File
[ sql ] [ DB ] CONNECT:[ UseTime:1.004609s ] mysql:host=localhost;port=3306;dbname=zhuo;charset=utf8
[ sql ] [ SQL ] SHOW COLUMNS FROM `auth_group_access` [ RunTime:0.032062s ]
[ sql ] [ SQL ] SELECT `auth_group_access`.`uid`,`auth_group_access`.`group_id`,`auth_group`.`title`,`auth_group`.`rules` FROM `auth_group_access` LEFT JOIN `auth_group` ON `auth_group_access`.`group_id`=`auth_group`.`id` WHERE  (  auth_group_access.uid='2' and auth_group.status='1' ) [ RunTime:0.000970s ]
---------------------------------------------------------------
[ 2018-05-14T14:22:48+08:00 ] 127.0.0.1 GET /
[ info ] zhuo.cn/ [运行时间：0.034730s][吞吐率：28.79req/s] [内存消耗：2,012.02kb] [文件加载：50]
[ info ] [ LANG ] F:\phpStudy\WWW\zhuo\thinkphp\lang\zh-cn.php
[ info ] [ ROUTE ] array (
  'type' => 'module',
  'module' => 
  array (
    0 => 'admin',
    1 => 'index',
    2 => 'index',
  ),
  'convert' => false,
)
[ info ] [ HEADER ] array (
  'cookie' => 'PHPSESSID=c7hppncg49siu0s3osi6gipdi2',
  'accept-language' => 'zh-CN,zh;q=0.9',
  'accept-encoding' => 'gzip, deflate',
  'referer' => 'http://zhuo.cn/artlist',
  'accept' => 'text/html,application/xhtml+xml,application/xml;q=0.9,image/webp,image/apng,*/*;q=0.8',
  'user-agent' => 'Mozilla/5.0 (Windows NT 10.0; WOW64) AppleWebKit/537.36 (KHTML, like Gecko) Chrome/65.0.3325.162 Safari/537.36',
  'upgrade-insecure-requests' => '1',
  'connection' => 'close',
  'host' => 'zhuo.cn',
)
[ info ] [ PARAM ] array (
)
[ info ] [ SESSION ] INIT array (
  'id' => '',
  'var_session_id' => '',
  'prefix' => 'think',
  'type' => '',
  'auto_start' => true,
)
[ info ] [ RUN ] app\admin\controller\Index->index[ F:\phpStudy\WWW\zhuo\application\admin\controller\Index.php ]
[ info ] [ VIEW ] F:\phpStudy\WWW\zhuo\public/../application/admin\view\index\index.html [ array (
) ]
[ info ] [ LOG ] INIT File
---------------------------------------------------------------
[ 2018-05-14T14:22:48+08:00 ] 127.0.0.1 GET /index
[ info ] zhuo.cn/index [运行时间：0.022728s][吞吐率：44.00req/s] [内存消耗：1,930.17kb] [文件加载：49]
[ info ] [ LANG ] F:\phpStudy\WWW\zhuo\thinkphp\lang\zh-cn.php
[ info ] [ ROUTE ] array (
  'type' => 'module',
  'module' => 
  array (
    0 => 'admin',
    1 => 'index',
    2 => 'main',
  ),
  'convert' => false,
)
[ info ] [ HEADER ] array (
  'cookie' => 'PHPSESSID=c7hppncg49siu0s3osi6gipdi2',
  'accept-language' => 'zh-CN,zh;q=0.9',
  'accept-encoding' => 'gzip, deflate',
  'referer' => 'http://zhuo.cn/',
  'accept' => 'text/html,application/xhtml+xml,application/xml;q=0.9,image/webp,image/apng,*/*;q=0.8',
  'user-agent' => 'Mozilla/5.0 (Windows NT 10.0; WOW64) AppleWebKit/537.36 (KHTML, like Gecko) Chrome/65.0.3325.162 Safari/537.36',
  'upgrade-insecure-requests' => '1',
  'connection' => 'close',
  'host' => 'zhuo.cn',
)
[ info ] [ PARAM ] array (
)
[ info ] [ SESSION ] INIT array (
  'id' => '',
  'var_session_id' => '',
  'prefix' => 'think',
  'type' => '',
  'auto_start' => true,
)
[ info ] [ RUN ] app\admin\controller\Index->main[ F:\phpStudy\WWW\zhuo\application\admin\controller\Index.php ]
[ info ] [ VIEW ] F:\phpStudy\WWW\zhuo\public/../application/admin\view\index\main.html [ array (
) ]
[ info ] [ LOG ] INIT File
---------------------------------------------------------------
[ 2018-05-14T14:23:12+08:00 ] 127.0.0.1 GET /admin/user/logout.html
[ info ] zhuo.cn/admin/user/logout.html [运行时间：0.028980s][吞吐率：34.51req/s] [内存消耗：2,708.28kb] [文件加载：57]
[ info ] [ LANG ] F:\phpStudy\WWW\zhuo\thinkphp\lang\zh-cn.php
[ info ] [ ROUTE ] array (
  'type' => 'module',
  'module' => 
  array (
    0 => 'admin',
    1 => 'user',
    2 => 'logout',
  ),
)
[ info ] [ HEADER ] array (
  'cookie' => 'PHPSESSID=c7hppncg49siu0s3osi6gipdi2',
  'accept-language' => 'zh-CN,zh;q=0.9',
  'accept-encoding' => 'gzip, deflate',
  'referer' => 'http://zhuo.cn/',
  'accept' => 'text/html,application/xhtml+xml,application/xml;q=0.9,image/webp,image/apng,*/*;q=0.8',
  'user-agent' => 'Mozilla/5.0 (Windows NT 10.0; WOW64) AppleWebKit/537.36 (KHTML, like Gecko) Chrome/65.0.3325.162 Safari/537.36',
  'upgrade-insecure-requests' => '1',
  'connection' => 'close',
  'host' => 'zhuo.cn',
)
[ info ] [ PARAM ] array (
)
[ info ] [ SESSION ] INIT array (
  'id' => '',
  'var_session_id' => '',
  'prefix' => 'think',
  'type' => '',
  'auto_start' => true,
)
[ info ] [ DB ] INIT mysql
[ info ] [ RUN ] app\admin\controller\User->logout[ F:\phpStudy\WWW\zhuo\application\admin\controller\User.php ]
[ info ] [ VIEW ] F:\phpStudy\WWW\zhuo\thinkphp\tpl\dispatch_jump.tpl [ array (
  0 => 'code',
  1 => 'msg',
  2 => 'data',
  3 => 'url',
  4 => 'wait',
) ]
[ info ] [ LOG ] INIT File
---------------------------------------------------------------
[ 2018-05-14T14:23:15+08:00 ] 127.0.0.1 GET /login.html
[ info ] zhuo.cn/login.html [运行时间：0.041948s][吞吐率：23.84req/s] [内存消耗：1,645.60kb] [文件加载：46]
[ info ] [ LANG ] F:\phpStudy\WWW\zhuo\thinkphp\lang\zh-cn.php
[ info ] [ ROUTE ] array (
  'type' => 'module',
  'module' => 
  array (
    0 => 'admin',
    1 => 'login',
    2 => 'index',
  ),
  'convert' => false,
)
[ info ] [ HEADER ] array (
  'cookie' => 'PHPSESSID=c7hppncg49siu0s3osi6gipdi2',
  'accept-language' => 'zh-CN,zh;q=0.9',
  'accept-encoding' => 'gzip, deflate',
  'referer' => 'http://zhuo.cn/admin/user/logout.html',
  'accept' => 'text/html,application/xhtml+xml,application/xml;q=0.9,image/webp,image/apng,*/*;q=0.8',
  'user-agent' => 'Mozilla/5.0 (Windows NT 10.0; WOW64) AppleWebKit/537.36 (KHTML, like Gecko) Chrome/65.0.3325.162 Safari/537.36',
  'upgrade-insecure-requests' => '1',
  'connection' => 'close',
  'host' => 'zhuo.cn',
)
[ info ] [ PARAM ] array (
)
[ info ] [ RUN ] app\admin\controller\Login->index[ F:\phpStudy\WWW\zhuo\application\admin\controller\Login.php ]
[ info ] [ SESSION ] INIT array (
  'id' => '',
  'var_session_id' => '',
  'prefix' => 'think',
  'type' => '',
  'auto_start' => true,
)
[ info ] [ VIEW ] F:\phpStudy\WWW\zhuo\public/../application/admin\view\login\index.html [ array (
) ]
[ info ] [ LOG ] INIT File
---------------------------------------------------------------
[ 2018-05-14T14:23:15+08:00 ] 127.0.0.1 GET /admin/login/setcode.html
[ info ] zhuo.cn/admin/login/setcode.html [运行时间：0.032960s][吞吐率：30.34req/s] [内存消耗：1,636.77kb] [文件加载：45]
[ info ] [ LANG ] F:\phpStudy\WWW\zhuo\thinkphp\lang\zh-cn.php
[ info ] [ ROUTE ] array (
  'type' => 'module',
  'module' => 
  array (
    0 => 'admin',
    1 => 'login',
    2 => 'setcode',
  ),
)
[ info ] [ HEADER ] array (
  'cookie' => 'PHPSESSID=c7hppncg49siu0s3osi6gipdi2',
  'accept-language' => 'zh-CN,zh;q=0.9',
  'accept-encoding' => 'gzip, deflate',
  'referer' => 'http://zhuo.cn/login.html',
  'accept' => 'image/webp,image/apng,image/*,*/*;q=0.8',
  'user-agent' => 'Mozilla/5.0 (Windows NT 10.0; WOW64) AppleWebKit/537.36 (KHTML, like Gecko) Chrome/65.0.3325.162 Safari/537.36',
  'connection' => 'close',
  'host' => 'zhuo.cn',
)
[ info ] [ PARAM ] array (
)
[ info ] [ RUN ] app\admin\controller\Login->setCode[ F:\phpStudy\WWW\zhuo\application\admin\controller\Login.php ]
[ info ] [ SESSION ] INIT array (
  'id' => '',
  'var_session_id' => '',
  'prefix' => 'think',
  'type' => '',
  'auto_start' => true,
)
[ info ] [ LOG ] INIT File
---------------------------------------------------------------
[ 2018-05-14T14:24:02+08:00 ] 127.0.0.1 GET /admin/login/setcode.html
[ info ] zhuo.cn/admin/login/setcode.html [运行时间：0.198991s][吞吐率：5.03req/s] [内存消耗：1,636.92kb] [文件加载：45]
[ info ] [ LANG ] F:\phpStudy\WWW\zhuo\thinkphp\lang\zh-cn.php
[ info ] [ ROUTE ] array (
  'type' => 'module',
  'module' => 
  array (
    0 => 'admin',
    1 => 'login',
    2 => 'setcode',
  ),
)
[ info ] [ HEADER ] array (
  'cookie' => 'PHPSESSID=c7hppncg49siu0s3osi6gipdi2',
  'accept-language' => 'zh-CN,zh;q=0.9',
  'accept-encoding' => 'gzip, deflate',
  'referer' => 'http://zhuo.cn/login.html',
  'accept' => 'image/webp,image/apng,image/*,*/*;q=0.8',
  'user-agent' => 'Mozilla/5.0 (Windows NT 10.0; WOW64) AppleWebKit/537.36 (KHTML, like Gecko) Chrome/65.0.3325.162 Safari/537.36',
  'connection' => 'close',
  'host' => 'zhuo.cn',
)
[ info ] [ PARAM ] array (
)
[ info ] [ RUN ] app\admin\controller\Login->setCode[ F:\phpStudy\WWW\zhuo\application\admin\controller\Login.php ]
[ info ] [ SESSION ] INIT array (
  'id' => '',
  'var_session_id' => '',
  'prefix' => 'think',
  'type' => '',
  'auto_start' => true,
)
[ info ] [ LOG ] INIT File
---------------------------------------------------------------
[ 2018-05-14T14:24:02+08:00 ] 127.0.0.1 GET /admin/login/setcode.html
[ info ] zhuo.cn/admin/login/setcode.html [运行时间：0.021201s][吞吐率：47.17req/s] [内存消耗：1,636.92kb] [文件加载：45]
[ info ] [ LANG ] F:\phpStudy\WWW\zhuo\thinkphp\lang\zh-cn.php
[ info ] [ ROUTE ] array (
  'type' => 'module',
  'module' => 
  array (
    0 => 'admin',
    1 => 'login',
    2 => 'setcode',
  ),
)
[ info ] [ HEADER ] array (
  'cookie' => 'PHPSESSID=c7hppncg49siu0s3osi6gipdi2',
  'accept-language' => 'zh-CN,zh;q=0.9',
  'accept-encoding' => 'gzip, deflate',
  'referer' => 'http://zhuo.cn/login.html',
  'accept' => 'image/webp,image/apng,image/*,*/*;q=0.8',
  'user-agent' => 'Mozilla/5.0 (Windows NT 10.0; WOW64) AppleWebKit/537.36 (KHTML, like Gecko) Chrome/65.0.3325.162 Safari/537.36',
  'connection' => 'close',
  'host' => 'zhuo.cn',
)
[ info ] [ PARAM ] array (
)
[ info ] [ RUN ] app\admin\controller\Login->setCode[ F:\phpStudy\WWW\zhuo\application\admin\controller\Login.php ]
[ info ] [ SESSION ] INIT array (
  'id' => '',
  'var_session_id' => '',
  'prefix' => 'think',
  'type' => '',
  'auto_start' => true,
)
[ info ] [ LOG ] INIT File
---------------------------------------------------------------
[ 2018-05-14T14:24:07+08:00 ] 127.0.0.1 POST /admin/login/getlogin.html
[ info ] zhuo.cn/admin/login/getlogin.html [运行时间：1.197481s][吞吐率：0.84req/s] [内存消耗：2,828.51kb] [文件加载：60]
[ info ] [ LANG ] F:\phpStudy\WWW\zhuo\thinkphp\lang\zh-cn.php
[ info ] [ ROUTE ] array (
  'type' => 'module',
  'module' => 
  array (
    0 => 'admin',
    1 => 'login',
    2 => 'getlogin',
  ),
)
[ info ] [ HEADER ] array (
  'cookie' => 'PHPSESSID=c7hppncg49siu0s3osi6gipdi2',
  'accept-language' => 'zh-CN,zh;q=0.9',
  'accept-encoding' => 'gzip, deflate',
  'referer' => 'http://zhuo.cn/login.html',
  'accept' => 'text/html,application/xhtml+xml,application/xml;q=0.9,image/webp,image/apng,*/*;q=0.8',
  'user-agent' => 'Mozilla/5.0 (Windows NT 10.0; WOW64) AppleWebKit/537.36 (KHTML, like Gecko) Chrome/65.0.3325.162 Safari/537.36',
  'content-type' => 'application/x-www-form-urlencoded',
  'upgrade-insecure-requests' => '1',
  'origin' => 'http://zhuo.cn',
  'cache-control' => 'max-age=0',
  'content-length' => '33',
  'connection' => 'close',
  'host' => 'zhuo.cn',
)
[ info ] [ PARAM ] array (
  'name' => 'admin',
  'passwords' => '123',
  'code' => '4ty',
)
[ info ] [ RUN ] app\admin\controller\Login->getLogin[ F:\phpStudy\WWW\zhuo\application\admin\controller\Login.php ]
[ info ] [ SESSION ] INIT array (
  'id' => '',
  'var_session_id' => '',
  'prefix' => 'think',
  'type' => '',
  'auto_start' => true,
)
[ info ] [ DB ] INIT mysql
[ info ] [ CACHE ] INIT File
[ info ] [ VIEW ] F:\phpStudy\WWW\zhuo\thinkphp\tpl\dispatch_jump.tpl [ array (
  0 => 'code',
  1 => 'msg',
  2 => 'data',
  3 => 'url',
  4 => 'wait',
) ]
[ info ] [ LOG ] INIT File
[ sql ] [ DB ] CONNECT:[ UseTime:1.012556s ] mysql:host=localhost;port=3306;dbname=zhuo;charset=utf8
[ sql ] [ SQL ] SHOW COLUMNS FROM `user` [ RunTime:0.039316s ]
[ sql ] [ SQL ] SELECT * FROM `user` WHERE  `name` = 'admin' LIMIT 1 [ RunTime:0.000962s ]
[ sql ] [ SQL ] UPDATE `user`  SET `last_login_time`='2018-05-14 14:24:06',`update_time`='2018-05-14 14:24:06'  WHERE  `id` = 1 [ RunTime:0.104362s ]
---------------------------------------------------------------
[ 2018-05-14T14:24:10+08:00 ] 127.0.0.1 GET /
[ info ] zhuo.cn/ [运行时间：0.042973s][吞吐率：23.27req/s] [内存消耗：1,979.03kb] [文件加载：49]
[ info ] [ LANG ] F:\phpStudy\WWW\zhuo\thinkphp\lang\zh-cn.php
[ info ] [ ROUTE ] array (
  'type' => 'module',
  'module' => 
  array (
    0 => 'admin',
    1 => 'index',
    2 => 'index',
  ),
  'convert' => false,
)
[ info ] [ HEADER ] array (
  'cookie' => 'PHPSESSID=c7hppncg49siu0s3osi6gipdi2',
  'accept-language' => 'zh-CN,zh;q=0.9',
  'accept-encoding' => 'gzip, deflate',
  'referer' => 'http://zhuo.cn/admin/login/getlogin.html',
  'accept' => 'text/html,application/xhtml+xml,application/xml;q=0.9,image/webp,image/apng,*/*;q=0.8',
  'user-agent' => 'Mozilla/5.0 (Windows NT 10.0; WOW64) AppleWebKit/537.36 (KHTML, like Gecko) Chrome/65.0.3325.162 Safari/537.36',
  'upgrade-insecure-requests' => '1',
  'connection' => 'close',
  'host' => 'zhuo.cn',
)
[ info ] [ PARAM ] array (
)
[ info ] [ SESSION ] INIT array (
  'id' => '',
  'var_session_id' => '',
  'prefix' => 'think',
  'type' => '',
  'auto_start' => true,
)
[ info ] [ RUN ] app\admin\controller\Index->index[ F:\phpStudy\WWW\zhuo\application\admin\controller\Index.php ]
[ info ] [ VIEW ] F:\phpStudy\WWW\zhuo\public/../application/admin\view\index\index.html [ array (
) ]
[ info ] [ LOG ] INIT File
---------------------------------------------------------------
[ 2018-05-14T14:24:10+08:00 ] 127.0.0.1 GET /index
[ info ] zhuo.cn/index [运行时间：0.025843s][吞吐率：38.69req/s] [内存消耗：1,897.20kb] [文件加载：48]
[ info ] [ LANG ] F:\phpStudy\WWW\zhuo\thinkphp\lang\zh-cn.php
[ info ] [ ROUTE ] array (
  'type' => 'module',
  'module' => 
  array (
    0 => 'admin',
    1 => 'index',
    2 => 'main',
  ),
  'convert' => false,
)
[ info ] [ HEADER ] array (
  'cookie' => 'PHPSESSID=c7hppncg49siu0s3osi6gipdi2',
  'accept-language' => 'zh-CN,zh;q=0.9',
  'accept-encoding' => 'gzip, deflate',
  'referer' => 'http://zhuo.cn/',
  'accept' => 'text/html,application/xhtml+xml,application/xml;q=0.9,image/webp,image/apng,*/*;q=0.8',
  'user-agent' => 'Mozilla/5.0 (Windows NT 10.0; WOW64) AppleWebKit/537.36 (KHTML, like Gecko) Chrome/65.0.3325.162 Safari/537.36',
  'upgrade-insecure-requests' => '1',
  'connection' => 'close',
  'host' => 'zhuo.cn',
)
[ info ] [ PARAM ] array (
)
[ info ] [ SESSION ] INIT array (
  'id' => '',
  'var_session_id' => '',
  'prefix' => 'think',
  'type' => '',
  'auto_start' => true,
)
[ info ] [ RUN ] app\admin\controller\Index->main[ F:\phpStudy\WWW\zhuo\application\admin\controller\Index.php ]
[ info ] [ VIEW ] F:\phpStudy\WWW\zhuo\public/../application/admin\view\index\main.html [ array (
) ]
[ info ] [ LOG ] INIT File
---------------------------------------------------------------
[ 2018-05-14T14:24:12+08:00 ] 127.0.0.1 GET /cate
[ info ] zhuo.cn/cate [运行时间：1.173710s][吞吐率：0.85req/s] [内存消耗：3,099.73kb] [文件加载：63]
[ info ] [ LANG ] F:\phpStudy\WWW\zhuo\thinkphp\lang\zh-cn.php
[ info ] [ ROUTE ] array (
  'type' => 'module',
  'module' => 
  array (
    0 => 'admin',
    1 => 'cate',
    2 => 'index',
  ),
  'convert' => false,
)
[ info ] [ HEADER ] array (
  'cookie' => 'PHPSESSID=c7hppncg49siu0s3osi6gipdi2',
  'accept-language' => 'zh-CN,zh;q=0.9',
  'accept-encoding' => 'gzip, deflate',
  'referer' => 'http://zhuo.cn/',
  'accept' => 'text/html,application/xhtml+xml,application/xml;q=0.9,image/webp,image/apng,*/*;q=0.8',
  'user-agent' => 'Mozilla/5.0 (Windows NT 10.0; WOW64) AppleWebKit/537.36 (KHTML, like Gecko) Chrome/65.0.3325.162 Safari/537.36',
  'upgrade-insecure-requests' => '1',
  'connection' => 'close',
  'host' => 'zhuo.cn',
)
[ info ] [ PARAM ] array (
)
[ info ] [ SESSION ] INIT array (
  'id' => '',
  'var_session_id' => '',
  'prefix' => 'think',
  'type' => '',
  'auto_start' => true,
)
[ info ] [ DB ] INIT mysql
[ info ] [ RUN ] app\admin\controller\Cate->index[ F:\phpStudy\WWW\zhuo\application\admin\controller\Cate.php ]
[ info ] [ VIEW ] F:\phpStudy\WWW\zhuo\public/../application/admin\view\cate\index.html [ array (
  0 => 'page',
  1 => 'cateArr',
) ]
[ info ] [ LOG ] INIT File
[ sql ] [ DB ] CONNECT:[ UseTime:1.024188s ] mysql:host=localhost;port=3306;dbname=zhuo;charset=utf8
[ sql ] [ SQL ] SHOW COLUMNS FROM `cate` [ RunTime:0.023114s ]
[ sql ] [ SQL ] SELECT COUNT(*) AS tp_count FROM `cate` `a1` LEFT JOIN `cate` `a2` ON `a1`.`pid`=`a2`.`id` LIMIT 1 [ RunTime:0.002354s ]
[ sql ] [ SQL ] SELECT `a1`.*,a2.name as pname FROM `cate` `a1` LEFT JOIN `cate` `a2` ON `a1`.`pid`=`a2`.`id` LIMIT 0,15 [ RunTime:0.000630s ]
---------------------------------------------------------------
[ 2018-05-14T14:24:15+08:00 ] 127.0.0.1 GET /artlist
[ info ] zhuo.cn/artlist [运行时间：1.148900s][吞吐率：0.87req/s] [内存消耗：2,790.70kb] [文件加载：63]
[ info ] [ LANG ] F:\phpStudy\WWW\zhuo\thinkphp\lang\zh-cn.php
[ info ] [ ROUTE ] array (
  'type' => 'module',
  'module' => 
  array (
    0 => 'admin',
    1 => 'article',
    2 => 'index',
  ),
  'convert' => false,
)
[ info ] [ HEADER ] array (
  'cookie' => 'PHPSESSID=c7hppncg49siu0s3osi6gipdi2',
  'accept-language' => 'zh-CN,zh;q=0.9',
  'accept-encoding' => 'gzip, deflate',
  'referer' => 'http://zhuo.cn/',
  'accept' => 'text/html,application/xhtml+xml,application/xml;q=0.9,image/webp,image/apng,*/*;q=0.8',
  'user-agent' => 'Mozilla/5.0 (Windows NT 10.0; WOW64) AppleWebKit/537.36 (KHTML, like Gecko) Chrome/65.0.3325.162 Safari/537.36',
  'upgrade-insecure-requests' => '1',
  'connection' => 'close',
  'host' => 'zhuo.cn',
)
[ info ] [ PARAM ] array (
)
[ info ] [ SESSION ] INIT array (
  'id' => '',
  'var_session_id' => '',
  'prefix' => 'think',
  'type' => '',
  'auto_start' => true,
)
[ info ] [ DB ] INIT mysql
[ info ] [ RUN ] app\admin\controller\Article->index[ F:\phpStudy\WWW\zhuo\application\admin\controller\Article.php ]
[ info ] [ LOG ] INIT File
[ sql ] [ DB ] CONNECT:[ UseTime:1.004736s ] mysql:host=localhost;port=3306;dbname=zhuo;charset=utf8
[ sql ] [ SQL ] SHOW COLUMNS FROM `article` [ RunTime:0.042257s ]
[ error ] [10501]SQLSTATE[42S22]: Column not found: 1054 Unknown column 'status' in 'where clause'[F:\phpStudy\WWW\zhuo\thinkphp\library\think\db\Connection.php:388]
---------------------------------------------------------------
[ 2018-05-14T14:24:19+08:00 ] 127.0.0.1 GET /artlist
[ info ] zhuo.cn/artlist [运行时间：1.088288s][吞吐率：0.92req/s] [内存消耗：2,790.70kb] [文件加载：63]
[ info ] [ LANG ] F:\phpStudy\WWW\zhuo\thinkphp\lang\zh-cn.php
[ info ] [ ROUTE ] array (
  'type' => 'module',
  'module' => 
  array (
    0 => 'admin',
    1 => 'article',
    2 => 'index',
  ),
  'convert' => false,
)
[ info ] [ HEADER ] array (
  'cookie' => 'PHPSESSID=c7hppncg49siu0s3osi6gipdi2',
  'accept-language' => 'zh-CN,zh;q=0.9',
  'accept-encoding' => 'gzip, deflate',
  'referer' => 'http://zhuo.cn/',
  'accept' => 'text/html,application/xhtml+xml,application/xml;q=0.9,image/webp,image/apng,*/*;q=0.8',
  'user-agent' => 'Mozilla/5.0 (Windows NT 10.0; WOW64) AppleWebKit/537.36 (KHTML, like Gecko) Chrome/65.0.3325.162 Safari/537.36',
  'upgrade-insecure-requests' => '1',
  'connection' => 'close',
  'host' => 'zhuo.cn',
)
[ info ] [ PARAM ] array (
)
[ info ] [ SESSION ] INIT array (
  'id' => '',
  'var_session_id' => '',
  'prefix' => 'think',
  'type' => '',
  'auto_start' => true,
)
[ info ] [ DB ] INIT mysql
[ info ] [ RUN ] app\admin\controller\Article->index[ F:\phpStudy\WWW\zhuo\application\admin\controller\Article.php ]
[ info ] [ LOG ] INIT File
[ sql ] [ DB ] CONNECT:[ UseTime:1.015829s ] mysql:host=localhost;port=3306;dbname=zhuo;charset=utf8
[ sql ] [ SQL ] SHOW COLUMNS FROM `article` [ RunTime:0.036325s ]
[ error ] [10501]SQLSTATE[42S22]: Column not found: 1054 Unknown column 'status' in 'where clause'[F:\phpStudy\WWW\zhuo\thinkphp\library\think\db\Connection.php:388]
---------------------------------------------------------------
[ 2018-05-14T14:34:35+08:00 ] 127.0.0.1 GET /artlist
[ info ] zhuo.cn/artlist [运行时间：1.125815s][吞吐率：0.89req/s] [内存消耗：3,060.16kb] [文件加载：63]
[ info ] [ LANG ] F:\phpStudy\WWW\zhuo\thinkphp\lang\zh-cn.php
[ info ] [ ROUTE ] array (
  'type' => 'module',
  'module' => 
  array (
    0 => 'admin',
    1 => 'article',
    2 => 'index',
  ),
  'convert' => false,
)
[ info ] [ HEADER ] array (
  'cookie' => 'PHPSESSID=c7hppncg49siu0s3osi6gipdi2',
  'accept-language' => 'zh-CN,zh;q=0.9',
  'accept-encoding' => 'gzip, deflate',
  'referer' => 'http://zhuo.cn/',
  'accept' => 'text/html,application/xhtml+xml,application/xml;q=0.9,image/webp,image/apng,*/*;q=0.8',
  'user-agent' => 'Mozilla/5.0 (Windows NT 10.0; WOW64) AppleWebKit/537.36 (KHTML, like Gecko) Chrome/65.0.3325.162 Safari/537.36',
  'upgrade-insecure-requests' => '1',
  'cache-control' => 'max-age=0',
  'connection' => 'close',
  'host' => 'zhuo.cn',
)
[ info ] [ PARAM ] array (
)
[ info ] [ SESSION ] INIT array (
  'id' => '',
  'var_session_id' => '',
  'prefix' => 'think',
  'type' => '',
  'auto_start' => true,
)
[ info ] [ DB ] INIT mysql
[ info ] [ RUN ] app\admin\controller\Article->index[ F:\phpStudy\WWW\zhuo\application\admin\controller\Article.php ]
[ info ] [ VIEW ] F:\phpStudy\WWW\zhuo\public/../application/admin\view\article\index.html [ array (
  0 => 'artData',
  1 => 'page',
) ]
[ info ] [ LOG ] INIT File
[ sql ] [ DB ] CONNECT:[ UseTime:1.029176s ] mysql:host=localhost;port=3306;dbname=zhuo;charset=utf8
[ sql ] [ SQL ] SHOW COLUMNS FROM `article` [ RunTime:0.030421s ]
[ sql ] [ SQL ] SELECT COUNT(*) AS tp_count FROM `article` `a1` LEFT JOIN `cate` `a2` ON `a1`.`category_id`=`a2`.`id` WHERE  `status` = 1 LIMIT 1 [ RunTime:0.000836s ]
[ sql ] [ SQL ] SELECT `a1`.*,a2.name as pname FROM `article` `a1` LEFT JOIN `cate` `a2` ON `a1`.`category_id`=`a2`.`id` WHERE  `status` = 1 ORDER BY `id`  desc LIMIT 0,10 [ RunTime:0.000818s ]
---------------------------------------------------------------
[ 2018-05-14T14:34:39+08:00 ] 127.0.0.1 GET /artlist
[ info ] zhuo.cn/artlist [运行时间：1.083974s][吞吐率：0.92req/s] [内存消耗：2,888.27kb] [文件加载：60]
[ info ] [ LANG ] F:\phpStudy\WWW\zhuo\thinkphp\lang\zh-cn.php
[ info ] [ ROUTE ] array (
  'type' => 'module',
  'module' => 
  array (
    0 => 'admin',
    1 => 'article',
    2 => 'index',
  ),
  'convert' => false,
)
[ info ] [ HEADER ] array (
  'cookie' => 'PHPSESSID=c7hppncg49siu0s3osi6gipdi2',
  'accept-language' => 'zh-CN,zh;q=0.9',
  'accept-encoding' => 'gzip, deflate',
  'referer' => 'http://zhuo.cn/',
  'accept' => 'text/html,application/xhtml+xml,application/xml;q=0.9,image/webp,image/apng,*/*;q=0.8',
  'user-agent' => 'Mozilla/5.0 (Windows NT 10.0; WOW64) AppleWebKit/537.36 (KHTML, like Gecko) Chrome/65.0.3325.162 Safari/537.36',
  'upgrade-insecure-requests' => '1',
  'connection' => 'close',
  'host' => 'zhuo.cn',
)
[ info ] [ PARAM ] array (
)
[ info ] [ SESSION ] INIT array (
  'id' => '',
  'var_session_id' => '',
  'prefix' => 'think',
  'type' => '',
  'auto_start' => true,
)
[ info ] [ DB ] INIT mysql
[ info ] [ RUN ] app\admin\controller\Article->index[ F:\phpStudy\WWW\zhuo\application\admin\controller\Article.php ]
[ info ] [ VIEW ] F:\phpStudy\WWW\zhuo\public/../application/admin\view\article\index.html [ array (
  0 => 'artData',
  1 => 'page',
) ]
[ info ] [ LOG ] INIT File
[ sql ] [ DB ] CONNECT:[ UseTime:1.013445s ] mysql:host=localhost;port=3306;dbname=zhuo;charset=utf8
[ sql ] [ SQL ] SHOW COLUMNS FROM `article` [ RunTime:0.033222s ]
[ sql ] [ SQL ] SELECT COUNT(*) AS tp_count FROM `article` `a1` LEFT JOIN `cate` `a2` ON `a1`.`category_id`=`a2`.`id` WHERE  `status` = 1 LIMIT 1 [ RunTime:0.000969s ]
[ sql ] [ SQL ] SELECT `a1`.*,a2.name as pname FROM `article` `a1` LEFT JOIN `cate` `a2` ON `a1`.`category_id`=`a2`.`id` WHERE  `status` = 1 ORDER BY `id`  desc LIMIT 0,10 [ RunTime:0.000970s ]
---------------------------------------------------------------
[ 2018-05-14T14:34:41+08:00 ] 127.0.0.1 GET /artcon
[ info ] zhuo.cn/artcon [运行时间：1.140616s][吞吐率：0.88req/s] [内存消耗：2,983.02kb] [文件加载：61]
[ info ] [ LANG ] F:\phpStudy\WWW\zhuo\thinkphp\lang\zh-cn.php
[ info ] [ ROUTE ] array (
  'type' => 'module',
  'module' => 
  array (
    0 => 'admin',
    1 => 'article',
    2 => 'add',
  ),
  'convert' => false,
)
[ info ] [ HEADER ] array (
  'cookie' => 'PHPSESSID=c7hppncg49siu0s3osi6gipdi2',
  'accept-language' => 'zh-CN,zh;q=0.9',
  'accept-encoding' => 'gzip, deflate',
  'referer' => 'http://zhuo.cn/',
  'accept' => 'text/html,application/xhtml+xml,application/xml;q=0.9,image/webp,image/apng,*/*;q=0.8',
  'user-agent' => 'Mozilla/5.0 (Windows NT 10.0; WOW64) AppleWebKit/537.36 (KHTML, like Gecko) Chrome/65.0.3325.162 Safari/537.36',
  'upgrade-insecure-requests' => '1',
  'connection' => 'close',
  'host' => 'zhuo.cn',
)
[ info ] [ PARAM ] array (
)
[ info ] [ SESSION ] INIT array (
  'id' => '',
  'var_session_id' => '',
  'prefix' => 'think',
  'type' => '',
  'auto_start' => true,
)
[ info ] [ DB ] INIT mysql
[ info ] [ RUN ] app\admin\controller\Article->add[ F:\phpStudy\WWW\zhuo\application\admin\controller\Article.php ]
[ info ] [ VIEW ] F:\phpStudy\WWW\zhuo\public/../application/admin\view\article\add.html [ array (
  0 => 'cateArr',
) ]
[ info ] [ LOG ] INIT File
[ sql ] [ DB ] CONNECT:[ UseTime:1.003292s ] mysql:host=localhost;port=3306;dbname=zhuo;charset=utf8
[ sql ] [ SQL ] SHOW COLUMNS FROM `cate` [ RunTime:0.042158s ]
[ sql ] [ SQL ] SELECT * FROM `cate` [ RunTime:0.000798s ]
---------------------------------------------------------------
[ 2018-05-14T14:34:44+08:00 ] 127.0.0.1 GET /cate
[ info ] zhuo.cn/cate [运行时间：1.082976s][吞吐率：0.92req/s] [内存消耗：2,886.30kb] [文件加载：60]
[ info ] [ LANG ] F:\phpStudy\WWW\zhuo\thinkphp\lang\zh-cn.php
[ info ] [ ROUTE ] array (
  'type' => 'module',
  'module' => 
  array (
    0 => 'admin',
    1 => 'cate',
    2 => 'index',
  ),
  'convert' => false,
)
[ info ] [ HEADER ] array (
  'cookie' => 'PHPSESSID=c7hppncg49siu0s3osi6gipdi2',
  'accept-language' => 'zh-CN,zh;q=0.9',
  'accept-encoding' => 'gzip, deflate',
  'referer' => 'http://zhuo.cn/',
  'accept' => 'text/html,application/xhtml+xml,application/xml;q=0.9,image/webp,image/apng,*/*;q=0.8',
  'user-agent' => 'Mozilla/5.0 (Windows NT 10.0; WOW64) AppleWebKit/537.36 (KHTML, like Gecko) Chrome/65.0.3325.162 Safari/537.36',
  'upgrade-insecure-requests' => '1',
  'connection' => 'close',
  'host' => 'zhuo.cn',
)
[ info ] [ PARAM ] array (
)
[ info ] [ SESSION ] INIT array (
  'id' => '',
  'var_session_id' => '',
  'prefix' => 'think',
  'type' => '',
  'auto_start' => true,
)
[ info ] [ DB ] INIT mysql
[ info ] [ RUN ] app\admin\controller\Cate->index[ F:\phpStudy\WWW\zhuo\application\admin\controller\Cate.php ]
[ info ] [ VIEW ] F:\phpStudy\WWW\zhuo\public/../application/admin\view\cate\index.html [ array (
  0 => 'page',
  1 => 'cateArr',
) ]
[ info ] [ LOG ] INIT File
[ sql ] [ DB ] CONNECT:[ UseTime:1.005255s ] mysql:host=localhost;port=3306;dbname=zhuo;charset=utf8
[ sql ] [ SQL ] SHOW COLUMNS FROM `cate` [ RunTime:0.039628s ]
[ sql ] [ SQL ] SELECT COUNT(*) AS tp_count FROM `cate` `a1` LEFT JOIN `cate` `a2` ON `a1`.`pid`=`a2`.`id` LIMIT 1 [ RunTime:0.001989s ]
[ sql ] [ SQL ] SELECT `a1`.*,a2.name as pname FROM `cate` `a1` LEFT JOIN `cate` `a2` ON `a1`.`pid`=`a2`.`id` LIMIT 0,15 [ RunTime:0.000676s ]
---------------------------------------------------------------
[ 2018-05-14T14:34:47+08:00 ] 127.0.0.1 GET /product
[ info ] zhuo.cn/product [运行时间：1.275642s][吞吐率：0.78req/s] [内存消耗：2,908.24kb] [文件加载：60]
[ info ] [ LANG ] F:\phpStudy\WWW\zhuo\thinkphp\lang\zh-cn.php
[ info ] [ ROUTE ] array (
  'type' => 'module',
  'module' => 
  array (
    0 => 'admin',
    1 => 'product',
    2 => 'index',
  ),
  'convert' => false,
)
[ info ] [ HEADER ] array (
  'cookie' => 'PHPSESSID=c7hppncg49siu0s3osi6gipdi2',
  'accept-language' => 'zh-CN,zh;q=0.9',
  'accept-encoding' => 'gzip, deflate',
  'referer' => 'http://zhuo.cn/',
  'accept' => 'text/html,application/xhtml+xml,application/xml;q=0.9,image/webp,image/apng,*/*;q=0.8',
  'user-agent' => 'Mozilla/5.0 (Windows NT 10.0; WOW64) AppleWebKit/537.36 (KHTML, like Gecko) Chrome/65.0.3325.162 Safari/537.36',
  'upgrade-insecure-requests' => '1',
  'connection' => 'close',
  'host' => 'zhuo.cn',
)
[ info ] [ PARAM ] array (
)
[ info ] [ SESSION ] INIT array (
  'id' => '',
  'var_session_id' => '',
  'prefix' => 'think',
  'type' => '',
  'auto_start' => true,
)
[ info ] [ DB ] INIT mysql
[ info ] [ RUN ] app\admin\controller\Product->index[ F:\phpStudy\WWW\zhuo\application\admin\controller\Product.php ]
[ info ] [ VIEW ] F:\phpStudy\WWW\zhuo\public/../application/admin\view\product\index.html [ array (
  0 => 'proData',
  1 => 'page',
) ]
[ info ] [ LOG ] INIT File
[ sql ] [ DB ] CONNECT:[ UseTime:1.006190s ] mysql:host=localhost;port=3306;dbname=zhuo;charset=utf8
[ sql ] [ SQL ] SHOW COLUMNS FROM `product` [ RunTime:0.032036s ]
[ sql ] [ SQL ] SELECT COUNT(*) AS tp_count FROM `product` `a1` LEFT JOIN `cate` `a2` ON `a1`.`art_cate_id`=`a2`.`id` WHERE  `deleted` = 1 LIMIT 1 [ RunTime:0.001023s ]
[ sql ] [ SQL ] SELECT `a1`.*,a2.name as pname FROM `product` `a1` LEFT JOIN `cate` `a2` ON `a1`.`art_cate_id`=`a2`.`id` WHERE  `deleted` = 1 ORDER BY `id`  desc LIMIT 0,15 [ RunTime:0.000971s ]
---------------------------------------------------------------
[ 2018-05-14T14:34:49+08:00 ] 127.0.0.1 GET /proAdd
[ info ] zhuo.cn/proAdd [运行时间：1.217241s][吞吐率：0.82req/s] [内存消耗：2,830.77kb] [文件加载：58]
[ info ] [ LANG ] F:\phpStudy\WWW\zhuo\thinkphp\lang\zh-cn.php
[ info ] [ ROUTE ] array (
  'type' => 'module',
  'module' => 
  array (
    0 => 'admin',
    1 => 'product',
    2 => 'add',
  ),
  'convert' => false,
)
[ info ] [ HEADER ] array (
  'cookie' => 'PHPSESSID=c7hppncg49siu0s3osi6gipdi2',
  'accept-language' => 'zh-CN,zh;q=0.9',
  'accept-encoding' => 'gzip, deflate',
  'referer' => 'http://zhuo.cn/',
  'accept' => 'text/html,application/xhtml+xml,application/xml;q=0.9,image/webp,image/apng,*/*;q=0.8',
  'user-agent' => 'Mozilla/5.0 (Windows NT 10.0; WOW64) AppleWebKit/537.36 (KHTML, like Gecko) Chrome/65.0.3325.162 Safari/537.36',
  'upgrade-insecure-requests' => '1',
  'connection' => 'close',
  'host' => 'zhuo.cn',
)
[ info ] [ PARAM ] array (
)
[ info ] [ SESSION ] INIT array (
  'id' => '',
  'var_session_id' => '',
  'prefix' => 'think',
  'type' => '',
  'auto_start' => true,
)
[ info ] [ DB ] INIT mysql
[ info ] [ RUN ] app\admin\controller\Product->add[ F:\phpStudy\WWW\zhuo\application\admin\controller\Product.php ]
[ info ] [ VIEW ] F:\phpStudy\WWW\zhuo\public/../application/admin\view\product\add.html [ array (
  0 => 'cateArr',
) ]
[ info ] [ LOG ] INIT File
[ sql ] [ DB ] CONNECT:[ UseTime:1.015426s ] mysql:host=localhost;port=3306;dbname=zhuo;charset=utf8
[ sql ] [ SQL ] SHOW COLUMNS FROM `cate` [ RunTime:0.024301s ]
[ sql ] [ SQL ] SELECT * FROM `cate` [ RunTime:0.000937s ]
---------------------------------------------------------------
[ 2018-05-14T14:34:59+08:00 ] 127.0.0.1 GET /basic_table.html
[ info ] zhuo.cn/basic_table.html [运行时间：0.016654s][吞吐率：60.05req/s] [内存消耗：1,360.48kb] [文件加载：38]
[ info ] [ LANG ] F:\phpStudy\WWW\zhuo\thinkphp\lang\zh-cn.php
[ info ] [ ROUTE ] array (
  'type' => 'module',
  'module' => 
  array (
    0 => 'basic_table',
    1 => NULL,
    2 => NULL,
  ),
)
[ info ] [ HEADER ] array (
  'cookie' => 'PHPSESSID=c7hppncg49siu0s3osi6gipdi2',
  'accept-language' => 'zh-CN,zh;q=0.9',
  'accept-encoding' => 'gzip, deflate',
  'referer' => 'http://zhuo.cn/',
  'accept' => 'text/html,application/xhtml+xml,application/xml;q=0.9,image/webp,image/apng,*/*;q=0.8',
  'user-agent' => 'Mozilla/5.0 (Windows NT 10.0; WOW64) AppleWebKit/537.36 (KHTML, like Gecko) Chrome/65.0.3325.162 Safari/537.36',
  'upgrade-insecure-requests' => '1',
  'connection' => 'close',
  'host' => 'zhuo.cn',
)
[ info ] [ PARAM ] array (
)
[ info ] [ LOG ] INIT File
---------------------------------------------------------------
[ 2018-05-14T14:35:02+08:00 ] 127.0.0.1 GET /user
[ info ] zhuo.cn/user [运行时间：1.239949s][吞吐率：0.81req/s] [内存消耗：3,044.93kb] [文件加载：63]
[ info ] [ LANG ] F:\phpStudy\WWW\zhuo\thinkphp\lang\zh-cn.php
[ info ] [ ROUTE ] array (
  'type' => 'module',
  'module' => 
  array (
    0 => 'admin',
    1 => 'user',
    2 => 'index',
  ),
  'convert' => false,
)
[ info ] [ HEADER ] array (
  'cookie' => 'PHPSESSID=c7hppncg49siu0s3osi6gipdi2',
  'accept-language' => 'zh-CN,zh;q=0.9',
  'accept-encoding' => 'gzip, deflate',
  'referer' => 'http://zhuo.cn/',
  'accept' => 'text/html,application/xhtml+xml,application/xml;q=0.9,image/webp,image/apng,*/*;q=0.8',
  'user-agent' => 'Mozilla/5.0 (Windows NT 10.0; WOW64) AppleWebKit/537.36 (KHTML, like Gecko) Chrome/65.0.3325.162 Safari/537.36',
  'upgrade-insecure-requests' => '1',
  'connection' => 'close',
  'host' => 'zhuo.cn',
)
[ info ] [ PARAM ] array (
)
[ info ] [ SESSION ] INIT array (
  'id' => '',
  'var_session_id' => '',
  'prefix' => 'think',
  'type' => '',
  'auto_start' => true,
)
[ info ] [ DB ] INIT mysql
[ info ] [ RUN ] app\admin\controller\User->index[ F:\phpStudy\WWW\zhuo\application\admin\controller\User.php ]
[ info ] [ VIEW ] F:\phpStudy\WWW\zhuo\public/../application/admin\view\user\index.html [ array (
  0 => 'userData',
) ]
[ info ] [ LOG ] INIT File
[ sql ] [ DB ] CONNECT:[ UseTime:1.003933s ] mysql:host=localhost;port=3306;dbname=zhuo;charset=utf8
[ sql ] [ SQL ] SHOW COLUMNS FROM `user` [ RunTime:0.040095s ]
[ sql ] [ SQL ] SELECT * FROM `user` WHERE  `status` = 1 [ RunTime:0.000727s ]
[ sql ] [ SQL ] SHOW COLUMNS FROM `auth_group_access` [ RunTime:0.013831s ]
[ sql ] [ SQL ] SHOW COLUMNS FROM `auth_group` [ RunTime:0.013441s ]
[ sql ] [ SQL ] SELECT `auth_group`.*,pivot.uid AS pivot__uid,pivot.group_id AS pivot__group_id FROM `auth_group` INNER JOIN `auth_group_access` `pivot` ON `pivot`.`group_id`=`auth_group`.`id` WHERE  `pivot`.`uid` = 4 [ RunTime:0.000530s ]
---------------------------------------------------------------
[ 2018-05-14T14:47:46+08:00 ] 127.0.0.1 GET /banner/1
[ info ] zhuo.cn/banner/1 [运行时间：0.021771s][吞吐率：45.93req/s] [内存消耗：1,572.83kb] [文件加载：43]
[ info ] [ LANG ] F:\phpStudy\WWW\zhuo\thinkphp\lang\zh-cn.php
[ info ] [ ROUTE ] array (
  'type' => 'module',
  'module' => 
  array (
    0 => 'api',
    1 => 'v1.Banner',
    2 => 'getBanner',
  ),
  'convert' => false,
)
[ info ] [ HEADER ] array (
  'connection' => 'close',
  'accept-encoding' => 'gzip, deflate',
  'cookie' => 'PHPSESSID=8aufqg20julogh8a0rpoq1bka6',
  'host' => 'zhuo.cn',
  'accept' => '*/*',
  'user-agent' => 'PostmanRuntime/7.1.1',
  'postman-token' => '28d05902-4652-44fa-838c-ff2b028c9986',
  'cache-control' => 'no-cache',
)
[ info ] [ PARAM ] array (
  'id' => '1',
)
[ info ] [ RUN ] app\api\controller\v1\Banner->getBanner[ F:\phpStudy\WWW\zhuo\application\api\controller\v1\Banner.php ]
[ info ] [ LOG ] INIT File
---------------------------------------------------------------
[ 2018-05-14T14:48:01+08:00 ] 127.0.0.1 GET /banner/1
[ info ] zhuo.cn/banner/1 [运行时间：0.019028s][吞吐率：52.55req/s] [内存消耗：1,572.92kb] [文件加载：43]
[ info ] [ LANG ] F:\phpStudy\WWW\zhuo\thinkphp\lang\zh-cn.php
[ info ] [ ROUTE ] array (
  'type' => 'module',
  'module' => 
  array (
    0 => 'api',
    1 => 'v1.Banner',
    2 => 'getBanner',
  ),
  'convert' => false,
)
[ info ] [ HEADER ] array (
  'connection' => 'close',
  'accept-encoding' => 'gzip, deflate',
  'cookie' => 'PHPSESSID=8aufqg20julogh8a0rpoq1bka6',
  'host' => 'zhuo.cn',
  'accept' => '*/*',
  'user-agent' => 'PostmanRuntime/7.1.1',
  'postman-token' => '043e422d-aa00-4eb6-8db5-3fb9d116c505',
  'cache-control' => 'no-cache',
)
[ info ] [ PARAM ] array (
  'id' => '1',
)
[ info ] [ RUN ] app\api\controller\v1\Banner->getBanner[ F:\phpStudy\WWW\zhuo\application\api\controller\v1\Banner.php ]
[ info ] [ LOG ] INIT File
---------------------------------------------------------------
[ 2018-05-14T15:02:03+08:00 ] 127.0.0.1 GET /banner/1
[ info ] zhuo.cn/banner/1 [运行时间：0.020404s][吞吐率：49.01req/s] [内存消耗：1,584.27kb] [文件加载：45]
[ info ] [ LANG ] F:\phpStudy\WWW\zhuo\thinkphp\lang\zh-cn.php
[ info ] [ ROUTE ] array (
  'type' => 'module',
  'module' => 
  array (
    0 => 'api',
    1 => 'v1.Banner',
    2 => 'getBanner',
  ),
  'convert' => false,
)
[ info ] [ HEADER ] array (
  'connection' => 'close',
  'accept-encoding' => 'gzip, deflate',
  'cookie' => 'PHPSESSID=8aufqg20julogh8a0rpoq1bka6',
  'host' => 'zhuo.cn',
  'accept' => '*/*',
  'user-agent' => 'PostmanRuntime/7.1.1',
  'postman-token' => 'ce66fd0d-89f8-4c4e-ac39-d2de7549e1c6',
  'cache-control' => 'no-cache',
)
[ info ] [ PARAM ] array (
  'id' => '1',
)
[ info ] [ RUN ] app\api\controller\v1\Banner->getBanner[ F:\phpStudy\WWW\zhuo\application\api\controller\v1\Banner.php ]
[ info ] [ LOG ] INIT File
